2026-03-17 21:28:23,383 | INFO | ToolGuard 初始化完成
2026-03-17 21:28:23,390 | INFO | ToolGuard Server 启动在 http://127.0.0.1:8767
2026-03-17 21:28:23,390 | INFO | 健康检查：http://127.0.0.1:8767/health
2026-03-17 21:28:23,390 | INFO | 工具检查：POST http://127.0.0.1:8767/check
2026-03-17 21:28:23,390 | INFO | Web 界面：http://127.0.0.1:8767
2026-03-17 21:28:34,746 | INFO | HTTP: GET /health HTTP/1.1
2026-03-17 21:28:34,788 | INFO | 等待用户确认：239e345d-2aad-4cb2-96a2-f4ce95cf1669 - message.send (风险等级：high)
2026-03-17 21:28:34,788 | INFO | HTTP: POST /check HTTP/1.1
2026-03-17 21:28:34,822 | INFO | HTTP: POST /check HTTP/1.1
2026-03-17 21:31:00,277 | INFO | ToolGuard 初始化完成
2026-03-17 21:31:00,280 | INFO | ToolGuard Server 启动在 http://127.0.0.1:8767
2026-03-17 21:31:00,280 | INFO | 健康检查：http://127.0.0.1:8767/health
2026-03-17 21:31:00,280 | INFO | 工具检查：POST http://127.0.0.1:8767/check
2026-03-17 21:31:00,280 | INFO | Web 界面：http://127.0.0.1:8767
2026-03-17 21:31:08,348 | INFO | HTTP: GET / HTTP/1.1
2026-03-17 21:31:08,396 | INFO | HTTP: GET /app.js HTTP/1.1
2026-03-17 21:31:08,434 | INFO | HTTP: GET /health HTTP/1.1
2026-03-17 21:31:08,435 | INFO | HTTP: GET /api/pending HTTP/1.1
2026-03-17 21:31:08,435 | INFO | HTTP: GET /api/audit HTTP/1.1
2026-03-17 21:31:08,436 | INFO | HTTP: GET /favicon.ico HTTP/1.1
2026-03-17 21:31:18,485 | INFO | HTTP: GET /api/pending HTTP/1.1
2026-03-17 21:31:28,510 | INFO | HTTP: GET /api/pending HTTP/1.1
2026-03-17 21:31:38,497 | INFO | HTTP: GET /api/pending HTTP/1.1
2026-03-17 21:31:48,477 | INFO | HTTP: GET /api/pending HTTP/1.1
2026-03-17 21:31:58,511 | INFO | HTTP: GET /api/pending HTTP/1.1
2026-03-17 21:32:08,509 | INFO | HTTP: GET /api/pending HTTP/1.1
2026-03-17 21:32:18,452 | INFO | HTTP: GET /api/pending HTTP/1.1
2026-03-17 21:32:28,512 | INFO | HTTP: GET /api/pending HTTP/1.1
2026-03-17 21:32:38,440 | INFO | HTTP: GET /api/pending HTTP/1.1
2026-03-17 21:32:48,456 | INFO | HTTP: GET /api/pending HTTP/1.1
2026-03-17 21:32:58,500 | INFO | HTTP: GET /api/pending HTTP/1.1
2026-03-17 21:33:08,482 | INFO | HTTP: GET /api/pending HTTP/1.1
2026-03-17 21:33:18,502 | INFO | HTTP: GET /api/pending HTTP/1.1
2026-03-17 21:33:28,510 | INFO | HTTP: GET /api/pending HTTP/1.1
2026-03-17 21:33:38,511 | INFO | HTTP: GET /api/pending HTTP/1.1
2026-03-17 21:33:48,513 | INFO | HTTP: GET /api/pending HTTP/1.1
2026-03-17 21:33:58,480 | INFO | HTTP: GET /api/pending HTTP/1.1
2026-03-17 21:34:08,510 | INFO | HTTP: GET /api/pending HTTP/1.1
2026-03-17 21:34:18,497 | INFO | HTTP: GET /api/pending HTTP/1.1
2026-03-17 21:34:28,513 | INFO | HTTP: GET /api/pending HTTP/1.1
2026-03-17 21:34:38,458 | INFO | HTTP: GET /api/pending HTTP/1.1
2026-03-17 21:34:48,491 | INFO | HTTP: GET /api/pending HTTP/1.1
2026-03-17 21:34:58,497 | INFO | HTTP: GET /api/pending HTTP/1.1
2026-03-17 21:35:08,513 | INFO | HTTP: GET /api/pending HTTP/1.1
2026-03-17 21:35:18,513 | INFO | HTTP: GET /api/pending HTTP/1.1
2026-03-17 21:35:28,512 | INFO | HTTP: GET /api/pending HTTP/1.1
2026-03-17 21:35:38,514 | INFO | HTTP: GET /api/pending HTTP/1.1
2026-03-17 21:35:48,509 | INFO | HTTP: GET /api/pending HTTP/1.1
2026-03-17 21:35:58,515 | INFO | HTTP: GET /api/pending HTTP/1.1
2026-03-17 21:36:08,512 | INFO | HTTP: GET /api/pending HTTP/1.1
2026-03-17 21:36:18,511 | INFO | HTTP: GET /api/pending HTTP/1.1
2026-03-17 21:36:28,499 | INFO | HTTP: GET /api/pending HTTP/1.1
2026-03-17 21:36:38,514 | INFO | HTTP: GET /api/pending HTTP/1.1
2026-03-17 21:36:48,512 | INFO | HTTP: GET /api/pending HTTP/1.1
2026-03-17 21:36:58,513 | INFO | HTTP: GET /api/pending HTTP/1.1
2026-03-17 21:37:08,493 | INFO | HTTP: GET /api/pending HTTP/1.1
2026-03-17 21:37:18,513 | INFO | HTTP: GET /api/pending HTTP/1.1
2026-03-17 21:37:28,514 | INFO | HTTP: GET /api/pending HTTP/1.1
2026-03-17 21:37:38,513 | INFO | HTTP: GET /api/pending HTTP/1.1
2026-03-17 21:37:48,505 | INFO | HTTP: GET /api/pending HTTP/1.1
2026-03-17 21:37:58,497 | INFO | HTTP: GET /api/pending HTTP/1.1
2026-03-17 21:38:08,513 | INFO | HTTP: GET /api/pending HTTP/1.1
2026-03-17 21:38:18,451 | INFO | HTTP: GET /api/pending HTTP/1.1
2026-03-17 21:38:28,513 | INFO | HTTP: GET /api/pending HTTP/1.1
2026-03-17 21:38:33,981 | INFO | HTTP: GET / HTTP/1.1
2026-03-17 21:38:33,989 | INFO | HTTP: GET /app.js HTTP/1.1
2026-03-17 21:38:33,995 | INFO | HTTP: GET /health HTTP/1.1
2026-03-17 21:38:33,995 | INFO | HTTP: GET /api/pending HTTP/1.1
2026-03-17 21:38:33,996 | INFO | HTTP: GET /api/audit HTTP/1.1
2026-03-17 21:38:44,068 | INFO | HTTP: GET /api/pending HTTP/1.1
2026-03-17 21:38:54,066 | INFO | HTTP: GET /api/pending HTTP/1.1
2026-03-17 21:39:04,068 | INFO | HTTP: GET /api/pending HTTP/1.1
2026-03-17 21:39:14,001 | INFO | HTTP: GET /api/pending HTTP/1.1
2026-03-17 21:39:24,072 | INFO | HTTP: GET /api/pending HTTP/1.1
2026-03-17 21:39:34,070 | INFO | HTTP: GET /api/pending HTTP/1.1
2026-03-17 21:39:44,068 | INFO | HTTP: GET /api/pending HTTP/1.1
2026-03-17 21:39:54,068 | INFO | HTTP: GET /api/pending HTTP/1.1
2026-03-17 21:40:04,058 | INFO | HTTP: GET /api/pending HTTP/1.1
2026-03-17 21:40:04,690 | INFO | HTTP: GET /health HTTP/1.1
2026-03-17 21:40:04,690 | INFO | HTTP: GET /api/pending HTTP/1.1
2026-03-17 21:40:04,691 | INFO | HTTP: GET /api/audit HTTP/1.1
2026-03-17 21:40:14,002 | INFO | HTTP: GET /api/pending HTTP/1.1
2026-03-17 21:40:23,991 | INFO | HTTP: GET / HTTP/1.1
2026-03-17 21:40:23,997 | INFO | HTTP: GET /app.js HTTP/1.1
2026-03-17 21:40:24,013 | INFO | HTTP: GET /health HTTP/1.1
2026-03-17 21:40:24,014 | INFO | HTTP: GET /api/pending HTTP/1.1
2026-03-17 21:40:24,014 | INFO | HTTP: GET /api/audit HTTP/1.1
2026-03-17 21:40:24,015 | INFO | HTTP: GET /favicon.ico HTTP/1.1
2026-03-17 21:40:24,055 | INFO | HTTP: GET /api/pending HTTP/1.1
2026-03-17 21:40:30,526 | INFO | HTTP: GET / HTTP/1.1
2026-03-17 21:40:30,537 | INFO | HTTP: GET /app.js HTTP/1.1
2026-03-17 21:40:30,540 | INFO | HTTP: GET /health HTTP/1.1
2026-03-17 21:40:30,541 | INFO | HTTP: GET /api/pending HTTP/1.1
2026-03-17 21:40:30,542 | INFO | HTTP: GET /api/audit HTTP/1.1
2026-03-17 21:40:34,068 | INFO | HTTP: GET /api/pending HTTP/1.1
2026-03-17 21:40:44,068 | INFO | HTTP: GET /api/pending HTTP/1.1
2026-03-17 21:40:54,027 | INFO | HTTP: GET /api/pending HTTP/1.1
2026-03-17 21:41:04,068 | INFO | HTTP: GET /api/pending HTTP/1.1
2026-03-17 21:41:14,044 | INFO | HTTP: GET /api/pending HTTP/1.1
2026-03-17 21:41:24,035 | INFO | HTTP: GET /api/pending HTTP/1.1
2026-03-17 21:41:34,071 | INFO | HTTP: GET /api/pending HTTP/1.1
2026-03-17 21:41:44,068 | INFO | HTTP: GET /api/pending HTTP/1.1
2026-03-17 21:41:54,066 | INFO | HTTP: GET /api/pending HTTP/1.1
2026-03-17 21:42:04,069 | INFO | HTTP: GET /api/pending HTTP/1.1
2026-03-17 21:42:14,072 | INFO | HTTP: GET /api/pending HTTP/1.1
2026-03-17 21:42:24,005 | INFO | HTTP: GET /api/pending HTTP/1.1
2026-03-17 21:42:34,067 | INFO | HTTP: GET /api/pending HTTP/1.1
2026-03-17 21:42:44,068 | INFO | HTTP: GET /api/pending HTTP/1.1
2026-03-17 21:42:54,036 | INFO | HTTP: GET /api/pending HTTP/1.1
2026-03-17 21:43:04,075 | INFO | HTTP: GET /api/pending HTTP/1.1
2026-03-17 21:43:14,044 | INFO | HTTP: GET /api/pending HTTP/1.1
2026-03-17 21:43:24,073 | INFO | HTTP: GET /api/pending HTTP/1.1
2026-03-17 21:43:34,073 | INFO | HTTP: GET /api/pending HTTP/1.1
2026-03-17 21:43:44,068 | INFO | HTTP: GET /api/pending HTTP/1.1
2026-03-17 21:43:54,068 | INFO | HTTP: GET /api/pending HTTP/1.1
2026-03-17 21:44:04,043 | INFO | HTTP: GET /api/pending HTTP/1.1
2026-03-17 21:44:14,075 | INFO | HTTP: GET /api/pending HTTP/1.1
2026-03-17 21:44:24,073 | INFO | HTTP: GET /api/pending HTTP/1.1
2026-03-17 21:44:34,060 | INFO | HTTP: GET /api/pending HTTP/1.1
2026-03-17 21:44:44,069 | INFO | HTTP: GET /api/pending HTTP/1.1
2026-03-17 21:44:54,073 | INFO | HTTP: GET /api/pending HTTP/1.1
2026-03-17 21:45:04,055 | INFO | HTTP: GET /api/pending HTTP/1.1
2026-03-17 21:45:14,072 | INFO | HTTP: GET /api/pending HTTP/1.1
2026-03-17 21:45:24,063 | INFO | HTTP: GET /api/pending HTTP/1.1
2026-03-17 21:45:34,040 | INFO | HTTP: GET /api/pending HTTP/1.1
2026-03-17 21:45:44,074 | INFO | HTTP: GET /api/pending HTTP/1.1
2026-03-17 21:45:46,027 | INFO | HTTP: GET /api/pending HTTP/1.1
2026-03-17 21:45:54,001 | INFO | HTTP: GET /api/pending HTTP/1.1
2026-03-17 21:46:04,053 | INFO | HTTP: GET /api/pending HTTP/1.1
2026-03-17 21:46:14,074 | INFO | HTTP: GET /api/pending HTTP/1.1
2026-03-17 21:46:24,068 | INFO | HTTP: GET /api/pending HTTP/1.1
2026-03-17 21:46:34,010 | INFO | HTTP: GET /api/pending HTTP/1.1
2026-03-17 21:46:44,064 | INFO | HTTP: GET /api/pending HTTP/1.1
2026-03-17 21:46:54,043 | INFO | HTTP: GET /api/pending HTTP/1.1
2026-03-17 21:47:04,069 | INFO | HTTP: GET /api/pending HTTP/1.1
2026-03-17 21:47:14,061 | INFO | HTTP: GET /api/pending HTTP/1.1
2026-03-17 21:47:24,073 | INFO | HTTP: GET /api/pending HTTP/1.1
2026-03-17 21:47:34,065 | INFO | HTTP: GET /api/pending HTTP/1.1
2026-03-17 21:47:44,074 | INFO | HTTP: GET /api/pending HTTP/1.1
2026-03-17 21:47:54,077 | INFO | HTTP: GET /api/pending HTTP/1.1
2026-03-17 21:48:04,018 | INFO | HTTP: GET /api/pending HTTP/1.1
2026-03-17 21:48:14,058 | INFO | HTTP: GET /api/pending HTTP/1.1
2026-03-17 21:48:24,069 | INFO | HTTP: GET /api/pending HTTP/1.1
2026-03-17 21:48:30,751 | INFO | ToolGuard 初始化完成
2026-03-17 21:48:30,757 | INFO | ToolGuard Server 启动在 http://127.0.0.1:8767
2026-03-17 21:48:30,757 | INFO | 健康检查：http://127.0.0.1:8767/health
2026-03-17 21:48:30,757 | INFO | 工具检查：POST http://127.0.0.1:8767/check
2026-03-17 21:48:30,757 | INFO | Web 界面：http://127.0.0.1:8767
2026-03-17 21:48:34,043 | INFO | HTTP: GET /api/pending HTTP/1.1
2026-03-17 21:48:44,070 | INFO | HTTP: GET /api/pending HTTP/1.1
2026-03-17 21:48:45,798 | INFO | HTTP: GET /api/pending HTTP/1.1
2026-03-17 21:48:54,068 | INFO | HTTP: GET /api/pending HTTP/1.1
2026-03-17 21:49:04,034 | INFO | HTTP: GET /api/pending HTTP/1.1
2026-03-17 21:49:14,010 | INFO | HTTP: GET /api/pending HTTP/1.1
2026-03-17 21:49:21,146 | INFO | ToolGuard 初始化完成
2026-03-17 21:49:21,149 | INFO | ToolGuard Server 启动在 http://127.0.0.1:8767
2026-03-17 21:49:21,149 | INFO | 健康检查：http://127.0.0.1:8767/health
2026-03-17 21:49:21,149 | INFO | 工具检查：POST http://127.0.0.1:8767/check
2026-03-17 21:49:21,149 | INFO | Web 界面：http://127.0.0.1:8767
2026-03-17 21:49:24,073 | INFO | HTTP: GET /api/pending HTTP/1.1
2026-03-17 21:49:26,374 | INFO | HTTP: GET /api/pending HTTP/1.1
2026-03-17 21:49:34,079 | INFO | HTTP: GET /api/pending HTTP/1.1
2026-03-17 21:49:44,074 | INFO | HTTP: GET /api/pending HTTP/1.1
2026-03-17 21:49:52,282 | INFO | HTTP: GET / HTTP/1.1
2026-03-17 21:49:52,345 | INFO | HTTP: GET /app.js HTTP/1.1
2026-03-17 21:49:52,351 | INFO | HTTP: GET /health HTTP/1.1
2026-03-17 21:49:52,352 | INFO | HTTP: GET /api/pending HTTP/1.1
2026-03-17 21:49:52,353 | INFO | HTTP: GET /api/audit HTTP/1.1
2026-03-17 21:49:54,006 | INFO | HTTP: GET /api/pending HTTP/1.1
2026-03-17 21:50:02,418 | INFO | HTTP: GET /api/pending HTTP/1.1
2026-03-17 21:50:04,005 | INFO | HTTP: GET /api/pending HTTP/1.1
2026-03-17 21:50:12,501 | INFO | HTTP: GET /api/pending HTTP/1.1
2026-03-17 21:50:14,005 | INFO | HTTP: GET /api/pending HTTP/1.1
2026-03-17 21:50:22,427 | INFO | HTTP: GET /api/pending HTTP/1.1
2026-03-17 21:50:24,005 | INFO | HTTP: GET /api/pending HTTP/1.1
2026-03-17 21:50:32,361 | INFO | HTTP: GET /api/pending HTTP/1.1
2026-03-17 21:50:33,964 | INFO | 用户响应：39ac0de4-1797-4499-a5c9-7307d440ab00 - ✅ 允许
2026-03-17 21:50:33,965 | INFO | HTTP: POST /api/confirm HTTP/1.1
2026-03-17 21:50:33,968 | INFO | HTTP: GET /api/pending HTTP/1.1
2026-03-17 21:50:33,970 | INFO | HTTP: GET /api/audit HTTP/1.1
2026-03-17 21:50:34,004 | INFO | HTTP: GET /api/pending HTTP/1.1
2026-03-17 21:50:42,383 | INFO | HTTP: GET /api/pending HTTP/1.1
2026-03-17 21:50:44,005 | INFO | HTTP: GET /api/pending HTTP/1.1
2026-03-17 21:50:52,415 | INFO | HTTP: GET /api/pending HTTP/1.1
2026-03-17 21:50:54,005 | INFO | HTTP: GET /api/pending HTTP/1.1
2026-03-17 21:51:02,428 | INFO | HTTP: GET /api/pending HTTP/1.1
2026-03-17 21:51:04,006 | INFO | HTTP: GET /api/pending HTTP/1.1
2026-03-17 21:51:12,426 | INFO | HTTP: GET /api/pending HTTP/1.1
2026-03-17 21:51:14,006 | INFO | HTTP: GET /api/pending HTTP/1.1
2026-03-17 21:51:22,415 | INFO | HTTP: GET /api/pending HTTP/1.1
2026-03-17 21:51:24,005 | INFO | HTTP: GET /api/pending HTTP/1.1
2026-03-17 21:51:32,420 | INFO | HTTP: GET /api/pending HTTP/1.1
2026-03-17 21:51:34,006 | INFO | HTTP: GET /api/pending HTTP/1.1
2026-03-17 21:51:42,385 | INFO | HTTP: GET /api/pending HTTP/1.1
2026-03-17 21:51:44,010 | INFO | HTTP: GET /api/pending HTTP/1.1
2026-03-17 21:51:52,427 | INFO | HTTP: GET /api/pending HTTP/1.1
2026-03-17 21:51:54,006 | INFO | HTTP: GET /api/pending HTTP/1.1
2026-03-17 21:52:02,406 | INFO | HTTP: GET /api/pending HTTP/1.1
2026-03-17 21:52:04,006 | INFO | HTTP: GET /api/pending HTTP/1.1
2026-03-17 21:52:12,426 | INFO | HTTP: GET /api/pending HTTP/1.1
2026-03-17 21:52:14,005 | INFO | HTTP: GET /api/pending HTTP/1.1
2026-03-17 21:52:22,418 | INFO | HTTP: GET /api/pending HTTP/1.1
2026-03-17 21:52:24,006 | INFO | HTTP: GET /api/pending HTTP/1.1
2026-03-17 21:52:32,361 | INFO | HTTP: GET /api/pending HTTP/1.1
2026-03-17 21:52:34,006 | INFO | HTTP: GET /api/pending HTTP/1.1
2026-03-17 21:52:42,385 | INFO | HTTP: GET /api/pending HTTP/1.1
2026-03-17 21:52:44,006 | INFO | HTTP: GET /api/pending HTTP/1.1
2026-03-17 21:52:52,427 | INFO | HTTP: GET /api/pending HTTP/1.1
2026-03-17 21:52:54,006 | INFO | HTTP: GET /api/pending HTTP/1.1
2026-03-17 21:53:02,401 | INFO | HTTP: GET /api/pending HTTP/1.1
2026-03-17 21:53:04,006 | INFO | HTTP: GET /api/pending HTTP/1.1
2026-03-17 21:53:12,426 | INFO | HTTP: GET /api/pending HTTP/1.1
2026-03-17 21:53:14,007 | INFO | HTTP: GET /api/pending HTTP/1.1
2026-03-17 21:53:22,360 | INFO | HTTP: GET /api/pending HTTP/1.1
2026-03-17 21:53:24,007 | INFO | HTTP: GET /api/pending HTTP/1.1
2026-03-17 21:53:32,429 | INFO | HTTP: GET /api/pending HTTP/1.1
2026-03-17 21:53:34,007 | INFO | HTTP: GET /api/pending HTTP/1.1
2026-03-17 21:53:42,427 | WARNING | 确认超时：2c6826f0-16e3-419f-94cb-25aa61f423ca
2026-03-17 21:53:42,428 | INFO | 清理了 1 个超时的确认请求
2026-03-17 21:53:42,428 | INFO | HTTP: GET /api/pending HTTP/1.1
2026-03-17 21:53:44,007 | INFO | HTTP: GET /api/pending HTTP/1.1
2026-03-18 07:53:58,608 | WARNING | 确认超时：87db6fe2-9921-4dee-b8ea-a4da6412c21e
2026-03-18 07:53:58,610 | INFO | 清理了 1 个超时的确认请求
2026-03-18 07:53:58,610 | INFO | ToolGuard 初始化完成
2026-03-18 07:53:58,618 | INFO | ToolGuard Server 启动在 http://127.0.0.1:8767
2026-03-18 07:53:58,618 | INFO | 健康检查：http://127.0.0.1:8767/health
2026-03-18 07:53:58,618 | INFO | 工具检查：POST http://127.0.0.1:8767/check
2026-03-18 07:53:58,618 | INFO | Web 界面：http://127.0.0.1:8767
2026-03-18 07:54:04,206 | INFO | HTTP: GET /health HTTP/1.1
2026-03-18 07:54:26,278 | INFO | HTTP: GET / HTTP/1.1
2026-03-18 07:54:26,283 | INFO | HTTP: GET /app.js HTTP/1.1
2026-03-18 07:54:26,290 | INFO | HTTP: GET /health HTTP/1.1
2026-03-18 07:54:26,291 | INFO | HTTP: GET /api/pending HTTP/1.1
2026-03-18 07:54:26,303 | INFO | HTTP: GET /api/audit HTTP/1.1
2026-03-18 07:54:36,606 | INFO | HTTP: GET /api/pending HTTP/1.1
2026-03-18 07:54:46,605 | INFO | HTTP: GET /api/pending HTTP/1.1
2026-03-18 07:54:54,562 | INFO | HTTP: GET / HTTP/1.1
2026-03-18 07:54:54,575 | INFO | HTTP: GET /app.js HTTP/1.1
2026-03-18 07:54:54,578 | INFO | HTTP: GET /health HTTP/1.1
2026-03-18 07:54:54,579 | INFO | HTTP: GET /api/pending HTTP/1.1
2026-03-18 07:54:54,580 | INFO | HTTP: GET /api/audit HTTP/1.1
2026-03-18 07:55:04,579 | INFO | HTTP: GET /api/pending HTTP/1.1
2026-03-18 07:55:14,582 | INFO | HTTP: GET /api/pending HTTP/1.1
2026-03-18 07:55:24,581 | INFO | HTTP: GET /api/pending HTTP/1.1
2026-03-18 07:55:34,581 | INFO | HTTP: GET /api/pending HTTP/1.1
2026-03-18 07:55:44,581 | INFO | HTTP: GET /api/pending HTTP/1.1
2026-03-18 07:55:49,193 | INFO | HTTP: GET /api/pending HTTP/1.1
2026-03-18 07:55:54,582 | INFO | HTTP: GET /api/pending HTTP/1.1
2026-03-18 07:56:04,581 | INFO | HTTP: GET /api/pending HTTP/1.1
2026-03-18 07:56:14,604 | INFO | HTTP: GET /api/pending HTTP/1.1
2026-03-18 07:59:03,066 | INFO | ToolGuard 初始化完成
2026-03-18 07:59:03,069 | INFO | ToolGuard Server 启动在 http://127.0.0.1:8767
2026-03-18 07:59:03,069 | INFO | 健康检查：http://127.0.0.1:8767/health
2026-03-18 07:59:03,069 | INFO | 工具检查：POST http://127.0.0.1:8767/check
2026-03-18 07:59:03,069 | INFO | Web 界面：http://127.0.0.1:8767
2026-03-18 07:59:08,728 | INFO | HTTP: GET /health HTTP/1.1
2026-03-18 07:59:12,884 | INFO | HTTP: GET / HTTP/1.1
2026-03-18 07:59:12,890 | INFO | HTTP: GET /app.js HTTP/1.1
2026-03-18 07:59:12,905 | INFO | HTTP: GET /health HTTP/1.1
2026-03-18 07:59:12,905 | INFO | HTTP: GET /api/pending HTTP/1.1
2026-03-18 07:59:12,906 | INFO | HTTP: GET /api/audit HTTP/1.1
2026-03-18 07:59:23,604 | INFO | HTTP: GET /api/pending HTTP/1.1
2026-03-18 07:59:33,606 | INFO | HTTP: GET /api/pending HTTP/1.1
2026-03-18 07:59:43,605 | INFO | HTTP: GET /api/pending HTTP/1.1
2026-03-18 07:59:53,605 | INFO | HTTP: GET /api/pending HTTP/1.1
2026-03-18 08:00:03,606 | INFO | HTTP: GET /api/pending HTTP/1.1
2026-03-18 08:00:13,605 | INFO | HTTP: GET /api/pending HTTP/1.1
2026-03-18 08:00:23,604 | INFO | HTTP: GET /api/pending HTTP/1.1
2026-03-18 08:00:37,003 | INFO | HTTP: GET /api/pending HTTP/1.1
2026-03-18 08:00:42,908 | INFO | HTTP: GET /api/pending HTTP/1.1
2026-03-18 08:00:52,909 | INFO | HTTP: GET /api/pending HTTP/1.1
2026-03-18 08:01:02,908 | INFO | HTTP: GET /api/pending HTTP/1.1
2026-03-18 08:01:12,909 | INFO | HTTP: GET /api/pending HTTP/1.1
2026-03-18 08:01:22,908 | INFO | HTTP: GET /api/pending HTTP/1.1
2026-03-18 08:01:32,910 | INFO | HTTP: GET /api/pending HTTP/1.1
2026-03-18 08:01:42,908 | INFO | HTTP: GET /api/pending HTTP/1.1
2026-03-18 08:01:53,606 | INFO | HTTP: GET /api/pending HTTP/1.1
2026-03-18 08:02:03,606 | INFO | HTTP: GET /api/pending HTTP/1.1
2026-03-18 08:02:13,620 | INFO | HTTP: GET /api/pending HTTP/1.1
2026-03-18 08:02:23,633 | INFO | HTTP: GET /api/pending HTTP/1.1
2026-03-18 08:02:33,639 | INFO | HTTP: GET /api/pending HTTP/1.1
2026-03-18 08:02:43,640 | INFO | HTTP: GET /api/pending HTTP/1.1
2026-03-18 08:03:29,649 | INFO | HTTP: GET /api/pending HTTP/1.1
2026-03-18 08:04:29,645 | INFO | HTTP: GET /api/pending HTTP/1.1
2026-03-18 08:05:13,635 | INFO | HTTP: GET /api/pending HTTP/1.1
2026-03-18 08:05:15,687 | INFO | HTTP: GET / HTTP/1.1
2026-03-18 08:05:15,701 | INFO | HTTP: GET /app.js HTTP/1.1
2026-03-18 08:05:15,705 | INFO | HTTP: GET /health HTTP/1.1
2026-03-18 08:05:15,706 | INFO | HTTP: GET /api/pending HTTP/1.1
2026-03-18 08:05:15,707 | INFO | HTTP: GET /api/audit HTTP/1.1
2026-03-18 08:05:26,644 | INFO | HTTP: GET /api/pending HTTP/1.1
2026-03-18 08:05:35,707 | INFO | HTTP: GET /api/pending HTTP/1.1
2026-03-18 08:05:42,086 | INFO | ToolGuard 初始化完成
2026-03-18 08:05:42,089 | INFO | ToolGuard Server 启动在 http://127.0.0.1:8767
2026-03-18 08:05:42,089 | INFO | 健康检查：http://127.0.0.1:8767/health
2026-03-18 08:05:42,089 | INFO | 工具检查：POST http://127.0.0.1:8767/check
2026-03-18 08:05:42,089 | INFO | Web 界面：http://127.0.0.1:8767
2026-03-18 08:05:46,645 | INFO | HTTP: GET /api/pending HTTP/1.1
2026-03-18 08:05:52,018 | INFO | HTTP: GET /api/risk-tools HTTP/1.1
2026-03-18 08:05:55,859 | INFO | Risk tool 列表已保存
2026-03-18 08:05:55,860 | INFO | HTTP: POST /api/risk-tools/add HTTP/1.1
2026-03-18 08:05:56,644 | INFO | HTTP: GET /api/pending HTTP/1.1
2026-03-18 08:05:58,474 | INFO | Risk tool 列表已保存
2026-03-18 08:05:58,474 | INFO | HTTP: POST /api/risk-tools/remove HTTP/1.1
2026-03-18 08:06:03,888 | INFO | HTTP: GET / HTTP/1.1
2026-03-18 08:06:06,644 | INFO | HTTP: GET /api/pending HTTP/1.1
2026-03-18 08:06:16,645 | INFO | HTTP: GET /api/pending HTTP/1.1
2026-03-18 08:06:26,644 | INFO | HTTP: GET /api/pending HTTP/1.1
2026-03-18 08:06:35,709 | INFO | HTTP: GET /api/pending HTTP/1.1
2026-03-18 08:06:37,843 | INFO | HTTP: GET / HTTP/1.1
2026-03-18 08:06:37,856 | INFO | HTTP: GET /app.js HTTP/1.1
2026-03-18 08:06:37,861 | INFO | HTTP: GET /health HTTP/1.1
2026-03-18 08:06:37,862 | INFO | HTTP: GET /api/pending HTTP/1.1
2026-03-18 08:06:37,863 | INFO | HTTP: GET /api/risk-tools HTTP/1.1
2026-03-18 08:06:37,864 | INFO | HTTP: GET /api/audit HTTP/1.1
2026-03-18 08:06:40,110 | INFO | HTTP: GET /api/risk-tools HTTP/1.1
2026-03-18 08:06:47,864 | INFO | HTTP: GET /api/pending HTTP/1.1
2026-03-18 08:06:57,865 | INFO | HTTP: GET /api/pending HTTP/1.1
2026-03-18 08:07:07,865 | INFO | HTTP: GET /api/pending HTTP/1.1
2026-03-18 08:07:17,864 | INFO | HTTP: GET /api/pending HTTP/1.1
2026-03-18 08:07:27,864 | INFO | HTTP: GET /api/pending HTTP/1.1
2026-03-18 08:07:38,645 | INFO | HTTP: GET /api/pending HTTP/1.1
2026-03-18 08:07:48,644 | INFO | HTTP: GET /api/pending HTTP/1.1
2026-03-18 08:07:58,656 | INFO | HTTP: GET /api/pending HTTP/1.1
2026-03-18 08:08:08,645 | INFO | HTTP: GET /api/pending HTTP/1.1
2026-03-18 08:08:18,646 | INFO | HTTP: GET /api/pending HTTP/1.1
2026-03-18 08:08:28,646 | INFO | HTTP: GET /api/pending HTTP/1.1
2026-03-18 08:08:30,593 | INFO | Risk tool 列表已保存
2026-03-18 08:08:30,593 | INFO | HTTP: POST /api/risk-tools/add HTTP/1.1
2026-03-18 08:08:38,644 | INFO | HTTP: GET /api/pending HTTP/1.1
2026-03-18 08:08:39,795 | INFO | Risk tool 列表已保存
2026-03-18 08:08:39,795 | INFO | HTTP: POST /api/risk-tools/add HTTP/1.1
2026-03-18 08:08:43,170 | INFO | HTTP: GET /api/risk-tools HTTP/1.1
2026-03-18 08:08:48,645 | INFO | HTTP: GET /api/pending HTTP/1.1
2026-03-18 08:08:58,644 | INFO | HTTP: GET /api/pending HTTP/1.1
2026-03-18 08:09:29,645 | INFO | HTTP: GET /api/pending HTTP/1.1
2026-03-18 08:10:08,631 | INFO | HTTP: GET /api/pending HTTP/1.1
2026-03-18 08:10:10,303 | INFO | HTTP: GET / HTTP/1.1
2026-03-18 08:10:10,318 | INFO | HTTP: GET /app.js HTTP/1.1
2026-03-18 08:10:10,322 | INFO | HTTP: GET /health HTTP/1.1
2026-03-18 08:10:10,323 | INFO | HTTP: GET /api/pending HTTP/1.1
2026-03-18 08:10:10,324 | INFO | HTTP: GET /api/risk-tools HTTP/1.1
2026-03-18 08:10:10,324 | INFO | HTTP: GET /api/audit HTTP/1.1
2026-03-18 08:10:11,950 | INFO | HTTP: GET /api/risk-tools HTTP/1.1
2026-03-18 08:10:20,326 | INFO | HTTP: GET /api/pending HTTP/1.1
2026-03-18 08:10:30,647 | INFO | HTTP: GET /api/pending HTTP/1.1
2026-03-18 08:10:40,647 | INFO | HTTP: GET /api/pending HTTP/1.1
2026-03-18 08:10:50,646 | INFO | HTTP: GET /api/pending HTTP/1.1
2026-03-18 08:11:00,645 | INFO | HTTP: GET /api/pending HTTP/1.1
2026-03-18 08:11:10,646 | INFO | HTTP: GET /api/pending HTTP/1.1
2026-03-18 08:11:20,646 | INFO | HTTP: GET /api/pending HTTP/1.1
2026-03-18 08:11:45,061 | INFO | HTTP: GET /api/pending HTTP/1.1
2026-03-18 08:11:47,811 | INFO | HTTP: GET /api/audit HTTP/1.1
2026-03-18 08:11:50,325 | INFO | HTTP: GET /api/pending HTTP/1.1
2026-03-18 08:11:51,997 | INFO | HTTP: GET /api/audit HTTP/1.1
2026-03-18 08:12:00,646 | INFO | HTTP: GET /api/pending HTTP/1.1
2026-03-18 08:12:10,644 | INFO | HTTP: GET /api/pending HTTP/1.1
2026-03-18 08:12:17,972 | INFO | HTTP: GET /api/risk-tools HTTP/1.1
2026-03-18 08:12:18,591 | INFO | HTTP: GET /api/audit HTTP/1.1
2026-03-18 08:12:20,326 | INFO | HTTP: GET /api/pending HTTP/1.1
2026-03-18 08:12:20,369 | INFO | HTTP: GET /api/risk-tools HTTP/1.1
2026-03-18 08:12:30,645 | INFO | HTTP: GET /api/pending HTTP/1.1
2026-03-18 08:12:40,647 | INFO | HTTP: GET /api/pending HTTP/1.1
2026-03-18 08:12:50,647 | INFO | HTTP: GET /api/pending HTTP/1.1
2026-03-18 08:13:00,646 | INFO | HTTP: GET /api/pending HTTP/1.1
2026-03-18 08:13:10,647 | INFO | HTTP: GET /api/pending HTTP/1.1
2026-03-18 08:13:20,646 | INFO | HTTP: GET /api/pending HTTP/1.1
2026-03-18 08:14:21,647 | INFO | HTTP: GET /api/pending HTTP/1.1
2026-03-18 08:14:30,327 | INFO | HTTP: GET /api/pending HTTP/1.1
2026-03-18 08:14:30,460 | INFO | HTTP: GET / HTTP/1.1
2026-03-18 08:14:30,474 | INFO | HTTP: GET /app.js HTTP/1.1
2026-03-18 08:14:30,480 | INFO | HTTP: GET /health HTTP/1.1
2026-03-18 08:14:30,480 | INFO | HTTP: GET /api/pending HTTP/1.1
2026-03-18 08:14:30,481 | INFO | HTTP: GET /api/risk-tools HTTP/1.1
2026-03-18 08:14:30,482 | INFO | HTTP: GET /api/audit HTTP/1.1
2026-03-18 08:14:40,647 | INFO | HTTP: GET /api/pending HTTP/1.1
2026-03-18 08:14:50,647 | INFO | HTTP: GET /api/pending HTTP/1.1
2026-03-18 08:15:00,647 | INFO | HTTP: GET /api/pending HTTP/1.1
2026-03-18 08:15:10,648 | INFO | HTTP: GET /api/pending HTTP/1.1
2026-03-18 08:15:20,648 | INFO | HTTP: GET /api/pending HTTP/1.1
2026-03-18 08:15:30,647 | INFO | HTTP: GET /api/pending HTTP/1.1
2026-03-18 08:15:40,647 | INFO | HTTP: GET /api/pending HTTP/1.1
2026-03-18 08:16:29,648 | INFO | HTTP: GET /api/pending HTTP/1.1
2026-03-18 08:17:29,648 | INFO | HTTP: GET /api/pending HTTP/1.1
2026-03-18 08:18:29,647 | INFO | HTTP: GET /api/pending HTTP/1.1
2026-03-18 08:19:29,648 | INFO | HTTP: GET /api/pending HTTP/1.1
2026-03-18 08:20:29,650 | INFO | HTTP: GET /api/pending HTTP/1.1
2026-03-18 08:21:29,651 | INFO | HTTP: GET /api/pending HTTP/1.1
2026-03-18 08:22:03,505 | INFO | 等待用户确认：fafd11c6-898c-4781-8a66-959b5594252e - himalaya.--help (风险等级：high)
2026-03-18 08:22:03,505 | INFO | HTTP: POST /check HTTP/1.1
2026-03-18 08:22:03,505 | INFO | HTTP: GET /api/confirmation/fafd11c6-898c-4781-8a66-959b5594252e HTTP/1.1
2026-03-18 08:22:05,583 | INFO | HTTP: GET /api/confirmation/fafd11c6-898c-4781-8a66-959b5594252e HTTP/1.1
2026-03-18 08:22:07,646 | INFO | HTTP: GET /api/confirmation/fafd11c6-898c-4781-8a66-959b5594252e HTTP/1.1
2026-03-18 08:22:09,680 | INFO | HTTP: GET /api/confirmation/fafd11c6-898c-4781-8a66-959b5594252e HTTP/1.1
2026-03-18 08:22:11,690 | INFO | HTTP: GET /api/confirmation/fafd11c6-898c-4781-8a66-959b5594252e HTTP/1.1
2026-03-18 08:22:13,743 | INFO | HTTP: GET /api/confirmation/fafd11c6-898c-4781-8a66-959b5594252e HTTP/1.1
2026-03-18 08:22:15,813 | INFO | HTTP: GET /api/confirmation/fafd11c6-898c-4781-8a66-959b5594252e HTTP/1.1
2026-03-18 08:22:17,868 | INFO | HTTP: GET /api/confirmation/fafd11c6-898c-4781-8a66-959b5594252e HTTP/1.1
2026-03-18 08:22:19,916 | INFO | HTTP: GET /api/confirmation/fafd11c6-898c-4781-8a66-959b5594252e HTTP/1.1
2026-03-18 08:22:21,955 | INFO | HTTP: GET /api/confirmation/fafd11c6-898c-4781-8a66-959b5594252e HTTP/1.1
2026-03-18 08:22:24,026 | INFO | HTTP: GET /api/confirmation/fafd11c6-898c-4781-8a66-959b5594252e HTTP/1.1
2026-03-18 08:22:26,102 | INFO | HTTP: GET /api/confirmation/fafd11c6-898c-4781-8a66-959b5594252e HTTP/1.1
2026-03-18 08:22:28,173 | INFO | HTTP: GET /api/confirmation/fafd11c6-898c-4781-8a66-959b5594252e HTTP/1.1
2026-03-18 08:22:28,607 | INFO | 用户响应：fafd11c6-898c-4781-8a66-959b5594252e - ✅ 允许
2026-03-18 08:22:28,608 | INFO | HTTP: POST /api/confirm HTTP/1.1
2026-03-18 08:22:29,651 | INFO | HTTP: GET /api/pending HTTP/1.1
2026-03-18 08:22:30,248 | INFO | HTTP: GET /api/confirmation/fafd11c6-898c-4781-8a66-959b5594252e HTTP/1.1
2026-03-18 08:23:29,651 | INFO | HTTP: GET /api/pending HTTP/1.1
2026-03-18 08:24:29,651 | INFO | HTTP: GET /api/pending HTTP/1.1
2026-03-18 08:25:14,942 | INFO | HTTP: GET /api/risk-tools HTTP/1.1
2026-03-18 08:25:29,656 | INFO | HTTP: GET /api/pending HTTP/1.1
2026-03-18 08:26:29,653 | INFO | HTTP: GET /api/pending HTTP/1.1
2026-03-18 08:26:32,699 | INFO | 等待用户确认：da51fa9d-7ac2-40f3-9ba6-a112581e7071 - himalaya.--help (风险等级：high)
2026-03-18 08:26:32,699 | INFO | HTTP: POST /check HTTP/1.1
2026-03-18 08:26:32,700 | INFO | HTTP: GET /api/confirmation/da51fa9d-7ac2-40f3-9ba6-a112581e7071 HTTP/1.1
2026-03-18 08:26:34,777 | INFO | HTTP: GET /api/confirmation/da51fa9d-7ac2-40f3-9ba6-a112581e7071 HTTP/1.1
2026-03-18 08:26:36,854 | INFO | HTTP: GET /api/confirmation/da51fa9d-7ac2-40f3-9ba6-a112581e7071 HTTP/1.1
2026-03-18 08:26:38,918 | INFO | HTTP: GET /api/confirmation/da51fa9d-7ac2-40f3-9ba6-a112581e7071 HTTP/1.1
2026-03-18 08:26:40,949 | INFO | HTTP: GET /api/confirmation/da51fa9d-7ac2-40f3-9ba6-a112581e7071 HTTP/1.1
2026-03-18 08:26:42,966 | INFO | HTTP: GET /api/confirmation/da51fa9d-7ac2-40f3-9ba6-a112581e7071 HTTP/1.1
2026-03-18 08:26:45,039 | INFO | HTTP: GET /api/confirmation/da51fa9d-7ac2-40f3-9ba6-a112581e7071 HTTP/1.1
2026-03-18 08:26:47,103 | INFO | HTTP: GET /api/confirmation/da51fa9d-7ac2-40f3-9ba6-a112581e7071 HTTP/1.1
2026-03-18 08:26:49,176 | INFO | HTTP: GET /api/confirmation/da51fa9d-7ac2-40f3-9ba6-a112581e7071 HTTP/1.1
2026-03-18 08:26:51,253 | INFO | HTTP: GET /api/confirmation/da51fa9d-7ac2-40f3-9ba6-a112581e7071 HTTP/1.1
2026-03-18 08:26:53,328 | INFO | HTTP: GET /api/confirmation/da51fa9d-7ac2-40f3-9ba6-a112581e7071 HTTP/1.1
2026-03-18 08:26:55,385 | INFO | HTTP: GET /api/confirmation/da51fa9d-7ac2-40f3-9ba6-a112581e7071 HTTP/1.1
2026-03-18 08:26:55,925 | INFO | 用户响应：da51fa9d-7ac2-40f3-9ba6-a112581e7071 - ✅ 允许
2026-03-18 08:26:55,926 | INFO | HTTP: POST /api/confirm HTTP/1.1
2026-03-18 08:26:57,433 | INFO | HTTP: GET /api/confirmation/da51fa9d-7ac2-40f3-9ba6-a112581e7071 HTTP/1.1
2026-03-18 08:30:12,330 | INFO | ToolGuard 初始化完成
2026-03-18 08:30:12,333 | INFO | ToolGuard Server 启动在 http://127.0.0.1:8767
2026-03-18 08:30:12,333 | INFO | 健康检查：http://127.0.0.1:8767/health
2026-03-18 08:30:12,333 | INFO | 工具检查：POST http://127.0.0.1:8767/check
2026-03-18 08:30:12,333 | INFO | Web 界面：http://127.0.0.1:8767
2026-03-18 08:30:29,653 | INFO | HTTP: GET /api/pending HTTP/1.1
2026-03-18 08:30:31,516 | INFO | Risk tool 列表已保存
2026-03-18 08:30:31,516 | INFO | HTTP: POST /api/risk-tools/add HTTP/1.1
2026-03-18 08:30:31,538 | INFO | Risk tool 列表已保存
2026-03-18 08:30:31,538 | INFO | HTTP: POST /api/risk-tools/add HTTP/1.1
2026-03-18 08:30:31,553 | INFO | Risk tool 列表已保存
2026-03-18 08:30:31,553 | INFO | HTTP: POST /api/risk-tools/add HTTP/1.1
2026-03-18 08:30:31,563 | INFO | Risk tool 列表已保存
2026-03-18 08:30:31,563 | INFO | HTTP: POST /api/risk-tools/add HTTP/1.1
2026-03-18 08:30:31,575 | INFO | Risk tool 列表已保存
2026-03-18 08:30:31,575 | INFO | HTTP: POST /api/risk-tools/add HTTP/1.1
2026-03-18 08:30:31,586 | INFO | Risk tool 列表已保存
2026-03-18 08:30:31,586 | INFO | HTTP: POST /api/risk-tools/add HTTP/1.1
2026-03-18 08:31:29,654 | INFO | HTTP: GET /api/pending HTTP/1.1
2026-03-18 08:32:07,113 | INFO | HTTP: GET /health HTTP/1.1
2026-03-18 08:32:29,653 | INFO | HTTP: GET /api/pending HTTP/1.1
2026-03-18 08:32:44,859 | INFO | HTTP: GET /api/pending HTTP/1.1
2026-03-18 08:32:46,911 | INFO | HTTP: GET / HTTP/1.1
2026-03-18 08:32:46,927 | INFO | HTTP: GET /app.js HTTP/1.1
2026-03-18 08:32:46,934 | INFO | HTTP: GET /health HTTP/1.1
2026-03-18 08:32:46,934 | INFO | HTTP: GET /api/pending HTTP/1.1
2026-03-18 08:32:46,935 | INFO | HTTP: GET /api/risk-tools HTTP/1.1
2026-03-18 08:32:46,936 | INFO | HTTP: GET /api/audit HTTP/1.1
2026-03-18 08:32:48,310 | INFO | HTTP: GET /api/risk-tools HTTP/1.1
2026-03-18 08:32:57,652 | INFO | HTTP: GET /api/pending HTTP/1.1
2026-03-18 08:33:07,653 | INFO | HTTP: GET /api/pending HTTP/1.1
2026-03-18 08:33:17,652 | INFO | HTTP: GET /api/pending HTTP/1.1
2026-03-18 08:33:27,654 | INFO | HTTP: GET /api/pending HTTP/1.1
2026-03-18 08:33:37,653 | INFO | HTTP: GET /api/pending HTTP/1.1
2026-03-18 08:33:47,653 | INFO | HTTP: GET /api/pending HTTP/1.1
2026-03-18 08:33:57,653 | INFO | HTTP: GET /api/pending HTTP/1.1
2026-03-18 08:34:29,654 | INFO | HTTP: GET /api/pending HTTP/1.1
2026-03-18 08:35:29,654 | INFO | HTTP: GET /api/pending HTTP/1.1
2026-03-18 08:36:29,655 | INFO | HTTP: GET /api/pending HTTP/1.1
2026-03-18 08:36:58,316 | INFO | 等待用户确认：8b274d0b-ffbb-4856-9b59-052af679b112 - himalaya.message send (风险等级：high)
2026-03-18 08:36:58,316 | INFO | HTTP: POST /check HTTP/1.1
2026-03-18 08:36:58,316 | INFO | HTTP: GET /api/confirmation/8b274d0b-ffbb-4856-9b59-052af679b112 HTTP/1.1
2026-03-18 08:37:00,395 | INFO | HTTP: GET /api/confirmation/8b274d0b-ffbb-4856-9b59-052af679b112 HTTP/1.1
2026-03-18 08:37:02,447 | INFO | HTTP: GET /api/confirmation/8b274d0b-ffbb-4856-9b59-052af679b112 HTTP/1.1
2026-03-18 08:37:04,453 | INFO | HTTP: GET /api/confirmation/8b274d0b-ffbb-4856-9b59-052af679b112 HTTP/1.1
2026-03-18 08:37:06,484 | INFO | HTTP: GET /api/confirmation/8b274d0b-ffbb-4856-9b59-052af679b112 HTTP/1.1
2026-03-18 08:37:08,502 | INFO | HTTP: GET /api/confirmation/8b274d0b-ffbb-4856-9b59-052af679b112 HTTP/1.1
2026-03-18 08:37:10,543 | INFO | HTTP: GET /api/confirmation/8b274d0b-ffbb-4856-9b59-052af679b112 HTTP/1.1
2026-03-18 08:37:12,585 | INFO | HTTP: GET /api/confirmation/8b274d0b-ffbb-4856-9b59-052af679b112 HTTP/1.1
2026-03-18 08:37:14,660 | INFO | HTTP: GET /api/confirmation/8b274d0b-ffbb-4856-9b59-052af679b112 HTTP/1.1
2026-03-18 08:37:16,697 | INFO | HTTP: GET /api/confirmation/8b274d0b-ffbb-4856-9b59-052af679b112 HTTP/1.1
2026-03-18 08:37:18,748 | INFO | HTTP: GET /api/confirmation/8b274d0b-ffbb-4856-9b59-052af679b112 HTTP/1.1
2026-03-18 08:37:20,821 | INFO | HTTP: GET /api/confirmation/8b274d0b-ffbb-4856-9b59-052af679b112 HTTP/1.1
2026-03-18 08:37:22,897 | INFO | HTTP: GET /api/confirmation/8b274d0b-ffbb-4856-9b59-052af679b112 HTTP/1.1
2026-03-18 08:37:24,968 | INFO | HTTP: GET /api/confirmation/8b274d0b-ffbb-4856-9b59-052af679b112 HTTP/1.1
2026-03-18 08:37:27,021 | INFO | HTTP: GET /api/confirmation/8b274d0b-ffbb-4856-9b59-052af679b112 HTTP/1.1
2026-03-18 08:37:29,087 | INFO | HTTP: GET /api/confirmation/8b274d0b-ffbb-4856-9b59-052af679b112 HTTP/1.1
2026-03-18 08:37:29,655 | INFO | HTTP: GET /api/pending HTTP/1.1
2026-03-18 08:37:31,106 | INFO | HTTP: GET /api/confirmation/8b274d0b-ffbb-4856-9b59-052af679b112 HTTP/1.1
2026-03-18 08:37:31,505 | INFO | 用户响应：8b274d0b-ffbb-4856-9b59-052af679b112 - ✅ 允许
2026-03-18 08:37:31,506 | INFO | HTTP: POST /api/confirm HTTP/1.1
2026-03-18 08:37:33,163 | INFO | HTTP: GET /api/confirmation/8b274d0b-ffbb-4856-9b59-052af679b112 HTTP/1.1
2026-03-18 08:38:29,656 | INFO | HTTP: GET /api/pending HTTP/1.1
2026-03-18 08:39:29,657 | INFO | HTTP: GET /api/pending HTTP/1.1
2026-03-18 08:40:29,655 | INFO | HTTP: GET /api/pending HTTP/1.1
2026-03-18 08:41:29,656 | INFO | HTTP: GET /api/pending HTTP/1.1
2026-03-18 08:42:05,116 | INFO | 等待用户确认：1d7185d6-e2c7-43a0-9899-b20a060da94e - himalaya.message send (风险等级：high)
2026-03-18 08:42:05,116 | INFO | HTTP: POST /check HTTP/1.1
2026-03-18 08:42:05,117 | INFO | HTTP: GET /api/confirmation/1d7185d6-e2c7-43a0-9899-b20a060da94e HTTP/1.1
2026-03-18 08:42:07,194 | INFO | HTTP: GET /api/confirmation/1d7185d6-e2c7-43a0-9899-b20a060da94e HTTP/1.1
2026-03-18 08:42:09,272 | INFO | HTTP: GET /api/confirmation/1d7185d6-e2c7-43a0-9899-b20a060da94e HTTP/1.1
2026-03-18 08:42:11,304 | INFO | HTTP: GET /api/confirmation/1d7185d6-e2c7-43a0-9899-b20a060da94e HTTP/1.1
2026-03-18 08:42:13,372 | INFO | HTTP: GET /api/confirmation/1d7185d6-e2c7-43a0-9899-b20a060da94e HTTP/1.1
2026-03-18 08:42:15,443 | INFO | HTTP: GET /api/confirmation/1d7185d6-e2c7-43a0-9899-b20a060da94e HTTP/1.1
2026-03-18 08:42:17,519 | INFO | HTTP: GET /api/confirmation/1d7185d6-e2c7-43a0-9899-b20a060da94e HTTP/1.1
2026-03-18 08:42:19,596 | INFO | HTTP: GET /api/confirmation/1d7185d6-e2c7-43a0-9899-b20a060da94e HTTP/1.1
2026-03-18 08:42:21,647 | INFO | HTTP: GET /api/confirmation/1d7185d6-e2c7-43a0-9899-b20a060da94e HTTP/1.1
2026-03-18 08:42:22,479 | INFO | 用户响应：1d7185d6-e2c7-43a0-9899-b20a060da94e - ✅ 允许
2026-03-18 08:42:22,480 | INFO | HTTP: POST /api/confirm HTTP/1.1
2026-03-18 08:42:23,725 | INFO | HTTP: GET /api/confirmation/1d7185d6-e2c7-43a0-9899-b20a060da94e HTTP/1.1
2026-03-18 08:42:29,656 | INFO | HTTP: GET /api/pending HTTP/1.1
2026-03-18 08:43:29,658 | INFO | HTTP: GET /api/pending HTTP/1.1
2026-03-18 08:44:29,657 | INFO | HTTP: GET /api/pending HTTP/1.1
2026-03-18 08:45:06,593 | INFO | HTTP: GET /api/pending HTTP/1.1
2026-03-18 08:45:08,463 | INFO | HTTP: GET / HTTP/1.1
2026-03-18 08:45:08,476 | INFO | HTTP: GET /app.js HTTP/1.1
2026-03-18 08:45:08,481 | INFO | HTTP: GET /health HTTP/1.1
2026-03-18 08:45:08,482 | INFO | HTTP: GET /api/pending HTTP/1.1
2026-03-18 08:45:08,482 | INFO | HTTP: GET /api/risk-tools HTTP/1.1
2026-03-18 08:45:08,484 | INFO | HTTP: GET /api/audit HTTP/1.1
2026-03-18 08:45:09,942 | INFO | HTTP: GET /api/risk-tools HTTP/1.1
2026-03-18 08:45:10,616 | INFO | HTTP: GET /api/audit HTTP/1.1
2026-03-18 08:45:18,657 | INFO | HTTP: GET /api/pending HTTP/1.1
2026-03-18 08:45:28,657 | INFO | HTTP: GET /api/pending HTTP/1.1
2026-03-18 08:45:38,657 | INFO | HTTP: GET /api/pending HTTP/1.1
2026-03-18 08:45:48,658 | INFO | HTTP: GET /api/pending HTTP/1.1
2026-03-18 08:45:58,656 | INFO | HTTP: GET /api/pending HTTP/1.1
2026-03-18 08:46:08,658 | INFO | HTTP: GET /api/pending HTTP/1.1
2026-03-18 08:46:12,800 | INFO | 等待用户确认：939571b0-b9d5-4663-9101-9c88720d71d9 - himalaya.message send (风险等级：high)
2026-03-18 08:46:12,801 | INFO | HTTP: POST /check HTTP/1.1
2026-03-18 08:46:12,801 | INFO | HTTP: GET /api/confirmation/939571b0-b9d5-4663-9101-9c88720d71d9 HTTP/1.1
2026-03-18 08:46:14,879 | INFO | HTTP: GET /api/confirmation/939571b0-b9d5-4663-9101-9c88720d71d9 HTTP/1.1
2026-03-18 08:46:16,890 | INFO | HTTP: GET /api/confirmation/939571b0-b9d5-4663-9101-9c88720d71d9 HTTP/1.1
2026-03-18 08:46:18,658 | INFO | HTTP: GET /api/pending HTTP/1.1
2026-03-18 08:46:18,930 | INFO | HTTP: GET /api/confirmation/939571b0-b9d5-4663-9101-9c88720d71d9 HTTP/1.1
2026-03-18 08:46:20,995 | INFO | HTTP: GET /api/confirmation/939571b0-b9d5-4663-9101-9c88720d71d9 HTTP/1.1
2026-03-18 08:46:23,064 | INFO | HTTP: GET /api/confirmation/939571b0-b9d5-4663-9101-9c88720d71d9 HTTP/1.1
2026-03-18 08:46:25,136 | INFO | HTTP: GET /api/confirmation/939571b0-b9d5-4663-9101-9c88720d71d9 HTTP/1.1
2026-03-18 08:46:27,207 | INFO | HTTP: GET /api/confirmation/939571b0-b9d5-4663-9101-9c88720d71d9 HTTP/1.1
2026-03-18 08:46:28,298 | INFO | 用户响应：939571b0-b9d5-4663-9101-9c88720d71d9 - ✅ 允许
2026-03-18 08:46:28,299 | INFO | HTTP: POST /api/confirm HTTP/1.1
2026-03-18 08:46:29,284 | INFO | HTTP: GET /api/confirmation/939571b0-b9d5-4663-9101-9c88720d71d9 HTTP/1.1
2026-03-18 08:46:29,658 | INFO | HTTP: GET /api/pending HTTP/1.1
2026-03-18 08:47:28,664 | INFO | Risk tool 列表已保存
2026-03-18 08:47:28,664 | INFO | HTTP: POST /api/risk-tools/add HTTP/1.1
2026-03-18 08:47:29,658 | INFO | HTTP: GET /api/pending HTTP/1.1
2026-03-18 08:47:39,749 | INFO | 等待用户确认：633eed6c-9b37-49d6-ab0a-897d74d3c033 - mail-send.send (风险等级：high)
2026-03-18 08:47:39,750 | INFO | HTTP: POST /check HTTP/1.1
2026-03-18 08:47:39,750 | INFO | HTTP: GET /api/confirmation/633eed6c-9b37-49d6-ab0a-897d74d3c033 HTTP/1.1
2026-03-18 08:47:41,828 | INFO | HTTP: GET /api/confirmation/633eed6c-9b37-49d6-ab0a-897d74d3c033 HTTP/1.1
2026-03-18 08:47:43,896 | INFO | HTTP: GET /api/confirmation/633eed6c-9b37-49d6-ab0a-897d74d3c033 HTTP/1.1
2026-03-18 08:47:45,932 | INFO | HTTP: GET /api/confirmation/633eed6c-9b37-49d6-ab0a-897d74d3c033 HTTP/1.1
2026-03-18 08:47:48,009 | INFO | HTTP: GET /api/confirmation/633eed6c-9b37-49d6-ab0a-897d74d3c033 HTTP/1.1
2026-03-18 08:47:50,086 | INFO | HTTP: GET /api/confirmation/633eed6c-9b37-49d6-ab0a-897d74d3c033 HTTP/1.1
2026-03-18 08:47:52,118 | INFO | HTTP: GET /api/confirmation/633eed6c-9b37-49d6-ab0a-897d74d3c033 HTTP/1.1
2026-03-18 08:47:54,195 | INFO | HTTP: GET /api/confirmation/633eed6c-9b37-49d6-ab0a-897d74d3c033 HTTP/1.1
2026-03-18 08:47:55,094 | INFO | 用户响应：633eed6c-9b37-49d6-ab0a-897d74d3c033 - ✅ 允许
2026-03-18 08:47:55,094 | INFO | HTTP: POST /api/confirm HTTP/1.1
2026-03-18 08:47:56,269 | INFO | HTTP: GET /api/confirmation/633eed6c-9b37-49d6-ab0a-897d74d3c033 HTTP/1.1
2026-03-18 08:48:29,659 | INFO | HTTP: GET /api/pending HTTP/1.1
2026-03-18 08:49:29,660 | INFO | HTTP: GET /api/pending HTTP/1.1
2026-03-18 08:50:19,760 | INFO | 等待用户确认：5c8a91e0-97ba-4557-9771-ab6fc2468f24 - mail-send.send (风险等级：high)
2026-03-18 08:50:19,760 | INFO | HTTP: POST /check HTTP/1.1
2026-03-18 08:50:19,761 | INFO | HTTP: GET /api/confirmation/5c8a91e0-97ba-4557-9771-ab6fc2468f24 HTTP/1.1
2026-03-18 08:50:21,840 | INFO | HTTP: GET /api/confirmation/5c8a91e0-97ba-4557-9771-ab6fc2468f24 HTTP/1.1
2026-03-18 08:50:23,857 | INFO | HTTP: GET /api/confirmation/5c8a91e0-97ba-4557-9771-ab6fc2468f24 HTTP/1.1
2026-03-18 08:50:25,878 | INFO | HTTP: GET /api/confirmation/5c8a91e0-97ba-4557-9771-ab6fc2468f24 HTTP/1.1
2026-03-18 08:50:27,939 | INFO | HTTP: GET /api/confirmation/5c8a91e0-97ba-4557-9771-ab6fc2468f24 HTTP/1.1
2026-03-18 08:50:29,679 | INFO | HTTP: GET /api/pending HTTP/1.1
2026-03-18 08:50:29,954 | INFO | HTTP: GET /api/confirmation/5c8a91e0-97ba-4557-9771-ab6fc2468f24 HTTP/1.1
2026-03-18 08:50:32,010 | INFO | HTTP: GET /api/confirmation/5c8a91e0-97ba-4557-9771-ab6fc2468f24 HTTP/1.1
2026-03-18 08:50:34,074 | INFO | HTTP: GET /api/confirmation/5c8a91e0-97ba-4557-9771-ab6fc2468f24 HTTP/1.1
2026-03-18 08:50:36,146 | INFO | HTTP: GET /api/confirmation/5c8a91e0-97ba-4557-9771-ab6fc2468f24 HTTP/1.1
2026-03-18 08:50:36,819 | INFO | 用户响应：5c8a91e0-97ba-4557-9771-ab6fc2468f24 - ✅ 允许
2026-03-18 08:50:36,820 | INFO | HTTP: POST /api/confirm HTTP/1.1
2026-03-18 08:50:38,218 | INFO | HTTP: GET /api/confirmation/5c8a91e0-97ba-4557-9771-ab6fc2468f24 HTTP/1.1
2026-03-18 08:51:29,681 | INFO | HTTP: GET /api/pending HTTP/1.1
2026-03-18 08:51:56,998 | INFO | HTTP: GET /api/pending HTTP/1.1
2026-03-18 08:51:58,508 | INFO | HTTP: GET /api/pending HTTP/1.1
2026-03-18 08:52:00,284 | INFO | HTTP: GET / HTTP/1.1
2026-03-18 08:52:00,295 | INFO | HTTP: GET /app.js HTTP/1.1
2026-03-18 08:52:00,299 | INFO | HTTP: GET /health HTTP/1.1
2026-03-18 08:52:00,300 | INFO | HTTP: GET /api/pending HTTP/1.1
2026-03-18 08:52:00,301 | INFO | HTTP: GET /api/risk-tools HTTP/1.1
2026-03-18 08:52:00,302 | INFO | HTTP: GET /api/audit HTTP/1.1
2026-03-18 08:52:02,302 | INFO | HTTP: GET /api/risk-tools HTTP/1.1
2026-03-18 08:52:03,653 | INFO | HTTP: GET /api/audit HTTP/1.1
2026-03-18 08:52:04,417 | INFO | HTTP: GET /api/risk-tools HTTP/1.1
2026-03-18 08:52:10,303 | INFO | HTTP: GET /api/pending HTTP/1.1
2026-03-18 08:52:20,685 | INFO | HTTP: GET /api/pending HTTP/1.1
2026-03-18 08:52:30,682 | INFO | HTTP: GET /api/pending HTTP/1.1
2026-03-18 08:52:40,684 | INFO | HTTP: GET /api/pending HTTP/1.1
2026-03-18 08:52:50,683 | INFO | HTTP: GET /api/pending HTTP/1.1
2026-03-18 08:53:00,681 | INFO | HTTP: GET /api/pending HTTP/1.1
2026-03-18 08:53:10,682 | INFO | HTTP: GET /api/pending HTTP/1.1
2026-03-18 08:53:19,138 | INFO | 等待用户确认：ad5203da-e072-43ec-8939-bd085802314b - mail-send.send (风险等级：high)
2026-03-18 08:53:19,138 | INFO | HTTP: POST /check HTTP/1.1
2026-03-18 08:53:19,139 | INFO | HTTP: GET /api/confirmation/ad5203da-e072-43ec-8939-bd085802314b HTTP/1.1
2026-03-18 08:53:21,217 | INFO | HTTP: GET /api/confirmation/ad5203da-e072-43ec-8939-bd085802314b HTTP/1.1
2026-03-18 08:53:23,285 | INFO | HTTP: GET /api/confirmation/ad5203da-e072-43ec-8939-bd085802314b HTTP/1.1
2026-03-18 08:53:25,354 | INFO | HTTP: GET /api/confirmation/ad5203da-e072-43ec-8939-bd085802314b HTTP/1.1
2026-03-18 08:53:27,425 | INFO | HTTP: GET /api/confirmation/ad5203da-e072-43ec-8939-bd085802314b HTTP/1.1
2026-03-18 08:53:29,472 | INFO | HTTP: GET /api/confirmation/ad5203da-e072-43ec-8939-bd085802314b HTTP/1.1
2026-03-18 08:53:29,682 | INFO | HTTP: GET /api/pending HTTP/1.1
2026-03-18 08:53:31,544 | INFO | HTTP: GET /api/confirmation/ad5203da-e072-43ec-8939-bd085802314b HTTP/1.1
2026-03-18 08:53:33,609 | INFO | HTTP: GET /api/confirmation/ad5203da-e072-43ec-8939-bd085802314b HTTP/1.1
2026-03-18 08:53:35,621 | INFO | HTTP: GET /api/confirmation/ad5203da-e072-43ec-8939-bd085802314b HTTP/1.1
2026-03-18 08:53:37,660 | INFO | HTTP: GET /api/confirmation/ad5203da-e072-43ec-8939-bd085802314b HTTP/1.1
2026-03-18 08:53:39,727 | INFO | HTTP: GET /api/confirmation/ad5203da-e072-43ec-8939-bd085802314b HTTP/1.1
2026-03-18 08:53:41,807 | INFO | HTTP: GET /api/confirmation/ad5203da-e072-43ec-8939-bd085802314b HTTP/1.1
2026-03-18 08:53:43,835 | INFO | HTTP: GET /api/confirmation/ad5203da-e072-43ec-8939-bd085802314b HTTP/1.1
2026-03-18 08:53:45,638 | INFO | 用户响应：ad5203da-e072-43ec-8939-bd085802314b - ✅ 允许
2026-03-18 08:53:45,639 | INFO | HTTP: POST /api/confirm HTTP/1.1
2026-03-18 08:53:45,900 | INFO | HTTP: GET /api/confirmation/ad5203da-e072-43ec-8939-bd085802314b HTTP/1.1
2026-03-18 08:54:22,968 | INFO | HTTP: GET /api/pending HTTP/1.1
2026-03-18 08:54:25,066 | INFO | HTTP: GET /api/risk-tools HTTP/1.1
2026-03-18 08:54:25,630 | INFO | HTTP: GET /api/audit HTTP/1.1
2026-03-18 08:54:30,683 | INFO | HTTP: GET /api/pending HTTP/1.1
2026-03-18 08:54:40,683 | INFO | HTTP: GET /api/pending HTTP/1.1
2026-03-18 08:54:50,305 | INFO | HTTP: GET /api/pending HTTP/1.1
2026-03-18 08:55:00,304 | INFO | HTTP: GET /api/pending HTTP/1.1
2026-03-18 08:55:10,682 | INFO | HTTP: GET /api/pending HTTP/1.1
2026-03-18 08:55:20,684 | INFO | HTTP: GET /api/pending HTTP/1.1
2026-03-18 08:55:30,684 | INFO | HTTP: GET /api/pending HTTP/1.1
2026-03-18 08:55:40,683 | INFO | HTTP: GET /api/pending HTTP/1.1
2026-03-18 08:55:50,684 | INFO | HTTP: GET /api/pending HTTP/1.1
2026-03-18 08:56:05,758 | INFO | HTTP: GET /api/pending HTTP/1.1
2026-03-18 08:56:05,812 | INFO | HTTP: GET / HTTP/1.1
2026-03-18 08:56:29,685 | INFO | HTTP: GET /api/pending HTTP/1.1
2026-03-18 08:56:44,047 | INFO | HTTP: GET /api/pending HTTP/1.1
2026-03-18 08:56:48,126 | INFO | 等待用户确认：97f3ddff-efd4-4df1-a78f-2e459b131004 - mail-send.send (风险等级：high)
2026-03-18 08:56:48,127 | INFO | HTTP: POST /check HTTP/1.1
2026-03-18 08:56:48,127 | INFO | HTTP: GET /api/confirmation/97f3ddff-efd4-4df1-a78f-2e459b131004 HTTP/1.1
2026-03-18 08:56:50,206 | INFO | HTTP: GET /api/confirmation/97f3ddff-efd4-4df1-a78f-2e459b131004 HTTP/1.1
2026-03-18 08:56:50,684 | INFO | HTTP: GET /api/pending HTTP/1.1
2026-03-18 08:56:52,277 | INFO | HTTP: GET /api/confirmation/97f3ddff-efd4-4df1-a78f-2e459b131004 HTTP/1.1
2026-03-18 08:56:54,353 | INFO | HTTP: GET /api/confirmation/97f3ddff-efd4-4df1-a78f-2e459b131004 HTTP/1.1
2026-03-18 08:56:56,428 | INFO | HTTP: GET /api/confirmation/97f3ddff-efd4-4df1-a78f-2e459b131004 HTTP/1.1
2026-03-18 08:56:58,481 | INFO | HTTP: GET /api/confirmation/97f3ddff-efd4-4df1-a78f-2e459b131004 HTTP/1.1
2026-03-18 08:57:00,559 | INFO | HTTP: GET /api/confirmation/97f3ddff-efd4-4df1-a78f-2e459b131004 HTTP/1.1
2026-03-18 08:57:00,685 | INFO | HTTP: GET /api/pending HTTP/1.1
2026-03-18 08:57:02,636 | INFO | HTTP: GET /api/confirmation/97f3ddff-efd4-4df1-a78f-2e459b131004 HTTP/1.1
2026-03-18 08:57:04,693 | INFO | HTTP: GET /api/confirmation/97f3ddff-efd4-4df1-a78f-2e459b131004 HTTP/1.1
2026-03-18 08:57:06,769 | INFO | HTTP: GET /api/confirmation/97f3ddff-efd4-4df1-a78f-2e459b131004 HTTP/1.1
2026-03-18 08:57:08,845 | INFO | HTTP: GET /api/confirmation/97f3ddff-efd4-4df1-a78f-2e459b131004 HTTP/1.1
2026-03-18 08:57:10,685 | INFO | HTTP: GET /api/pending HTTP/1.1
2026-03-18 08:57:10,889 | INFO | HTTP: GET /api/confirmation/97f3ddff-efd4-4df1-a78f-2e459b131004 HTTP/1.1
2026-03-18 08:57:12,951 | INFO | HTTP: GET /api/confirmation/97f3ddff-efd4-4df1-a78f-2e459b131004 HTTP/1.1
2026-03-18 08:57:15,010 | INFO | HTTP: GET /api/confirmation/97f3ddff-efd4-4df1-a78f-2e459b131004 HTTP/1.1
2026-03-18 08:57:17,087 | INFO | HTTP: GET /api/confirmation/97f3ddff-efd4-4df1-a78f-2e459b131004 HTTP/1.1
2026-03-18 08:57:19,153 | INFO | HTTP: GET /api/confirmation/97f3ddff-efd4-4df1-a78f-2e459b131004 HTTP/1.1
2026-03-18 08:57:20,683 | INFO | HTTP: GET /api/pending HTTP/1.1
2026-03-18 08:57:21,214 | INFO | HTTP: GET /api/confirmation/97f3ddff-efd4-4df1-a78f-2e459b131004 HTTP/1.1
2026-03-18 08:57:23,292 | INFO | HTTP: GET /api/confirmation/97f3ddff-efd4-4df1-a78f-2e459b131004 HTTP/1.1
2026-03-18 08:57:25,356 | INFO | HTTP: GET /api/confirmation/97f3ddff-efd4-4df1-a78f-2e459b131004 HTTP/1.1
2026-03-18 08:57:27,431 | INFO | HTTP: GET /api/confirmation/97f3ddff-efd4-4df1-a78f-2e459b131004 HTTP/1.1
2026-03-18 08:57:29,506 | INFO | HTTP: GET /api/confirmation/97f3ddff-efd4-4df1-a78f-2e459b131004 HTTP/1.1
2026-03-18 08:57:30,684 | INFO | HTTP: GET /api/pending HTTP/1.1
2026-03-18 08:57:31,572 | INFO | HTTP: GET /api/confirmation/97f3ddff-efd4-4df1-a78f-2e459b131004 HTTP/1.1
2026-03-18 08:57:33,622 | INFO | HTTP: GET /api/confirmation/97f3ddff-efd4-4df1-a78f-2e459b131004 HTTP/1.1
2026-03-18 08:57:35,698 | INFO | HTTP: GET /api/confirmation/97f3ddff-efd4-4df1-a78f-2e459b131004 HTTP/1.1
2026-03-18 08:57:37,775 | INFO | HTTP: GET /api/confirmation/97f3ddff-efd4-4df1-a78f-2e459b131004 HTTP/1.1
2026-03-18 08:57:39,850 | INFO | HTTP: GET /api/confirmation/97f3ddff-efd4-4df1-a78f-2e459b131004 HTTP/1.1
2026-03-18 08:57:40,684 | INFO | HTTP: GET /api/pending HTTP/1.1
2026-03-18 08:57:41,917 | INFO | HTTP: GET /api/confirmation/97f3ddff-efd4-4df1-a78f-2e459b131004 HTTP/1.1
2026-03-18 08:57:43,984 | INFO | HTTP: GET /api/confirmation/97f3ddff-efd4-4df1-a78f-2e459b131004 HTTP/1.1
2026-03-18 08:57:46,014 | INFO | HTTP: GET /api/confirmation/97f3ddff-efd4-4df1-a78f-2e459b131004 HTTP/1.1
2026-03-18 08:57:47,726 | INFO | 用户响应：97f3ddff-efd4-4df1-a78f-2e459b131004 - ✅ 允许
2026-03-18 08:57:47,727 | INFO | HTTP: POST /api/confirm HTTP/1.1
2026-03-18 08:57:47,730 | INFO | HTTP: GET /api/pending HTTP/1.1
2026-03-18 08:57:47,731 | INFO | HTTP: GET /api/audit HTTP/1.1
2026-03-18 08:57:48,088 | INFO | HTTP: GET /api/confirmation/97f3ddff-efd4-4df1-a78f-2e459b131004 HTTP/1.1
2026-03-18 08:57:50,685 | INFO | HTTP: GET /api/pending HTTP/1.1
2026-03-18 08:58:00,685 | INFO | HTTP: GET /api/pending HTTP/1.1
2026-03-18 08:58:10,686 | INFO | HTTP: GET /api/pending HTTP/1.1
2026-03-18 08:58:20,685 | INFO | HTTP: GET /api/pending HTTP/1.1
2026-03-18 08:58:30,684 | INFO | HTTP: GET /api/pending HTTP/1.1
2026-03-18 08:58:40,685 | INFO | HTTP: GET /api/pending HTTP/1.1
2026-03-18 08:58:44,744 | INFO | HTTP: GET /api/audit HTTP/1.1
2026-03-18 08:58:50,306 | INFO | HTTP: GET /api/pending HTTP/1.1
2026-03-18 08:59:00,685 | INFO | HTTP: GET /api/pending HTTP/1.1
2026-03-18 08:59:10,684 | INFO | HTTP: GET /api/pending HTTP/1.1
2026-03-18 08:59:20,686 | INFO | HTTP: GET /api/pending HTTP/1.1
2026-03-18 08:59:30,686 | INFO | HTTP: GET /api/pending HTTP/1.1
2026-03-18 08:59:40,685 | INFO | HTTP: GET /api/pending HTTP/1.1
2026-03-18 08:59:50,686 | INFO | HTTP: GET /api/pending HTTP/1.1
2026-03-18 09:00:29,687 | INFO | HTTP: GET /api/pending HTTP/1.1
2026-03-18 09:01:29,686 | INFO | HTTP: GET /api/pending HTTP/1.1
2026-03-18 09:02:29,687 | INFO | HTTP: GET /api/pending HTTP/1.1
2026-03-18 09:03:04,105 | INFO | HTTP: GET /api/pending HTTP/1.1
2026-03-18 09:03:05,736 | INFO | HTTP: GET /api/risk-tools HTTP/1.1
2026-03-18 09:03:10,308 | INFO | HTTP: GET /api/pending HTTP/1.1
2026-03-18 09:03:20,309 | INFO | HTTP: GET /api/pending HTTP/1.1
2026-03-18 09:03:30,309 | INFO | HTTP: GET /api/pending HTTP/1.1
2026-03-18 09:03:40,309 | INFO | HTTP: GET /api/pending HTTP/1.1
2026-03-18 09:03:50,687 | INFO | HTTP: GET /api/pending HTTP/1.1
2026-03-18 09:04:00,689 | INFO | HTTP: GET /api/pending HTTP/1.1
2026-03-18 09:04:10,689 | INFO | HTTP: GET /api/pending HTTP/1.1
2026-03-18 09:04:20,689 | INFO | HTTP: GET /api/pending HTTP/1.1
2026-03-18 09:04:30,687 | INFO | HTTP: GET /api/pending HTTP/1.1
2026-03-18 09:04:40,689 | INFO | HTTP: GET /api/pending HTTP/1.1
2026-03-18 09:04:59,386 | INFO | Risk tool 列表已保存
2026-03-18 09:04:59,386 | INFO | HTTP: POST /api/risk-tools/add HTTP/1.1
2026-03-18 09:04:59,407 | INFO | Risk tool 列表已保存
2026-03-18 09:04:59,407 | INFO | HTTP: POST /api/risk-tools/add HTTP/1.1
2026-03-18 09:04:59,419 | INFO | Risk tool 列表已保存
2026-03-18 09:04:59,419 | INFO | HTTP: POST /api/risk-tools/add HTTP/1.1
2026-03-18 09:05:29,689 | INFO | HTTP: GET /api/pending HTTP/1.1
2026-03-18 09:06:08,673 | INFO | HTTP: GET /api/risk-tools HTTP/1.1
2026-03-18 09:06:29,693 | INFO | HTTP: GET /api/pending HTTP/1.1
2026-03-18 09:07:28,119 | INFO | HTTP: POST /check HTTP/1.1
2026-03-18 09:07:29,693 | INFO | HTTP: GET /api/pending HTTP/1.1
2026-03-18 09:07:47,939 | INFO | HTTP: POST /check HTTP/1.1
2026-03-18 09:07:56,149 | INFO | HTTP: POST /check HTTP/1.1
2026-03-18 09:08:00,200 | INFO | HTTP: POST /check HTTP/1.1
2026-03-18 09:08:15,183 | INFO | HTTP: GET /api/risk-tools HTTP/1.1
2026-03-18 09:08:19,385 | INFO | Risk tool 列表已保存
2026-03-18 09:08:19,385 | INFO | HTTP: POST /api/risk-tools/add HTTP/1.1
2026-03-18 09:08:19,405 | INFO | Risk tool 列表已保存
2026-03-18 09:08:19,405 | INFO | HTTP: POST /api/risk-tools/add HTTP/1.1
2026-03-18 09:08:22,405 | INFO | 等待用户确认：68f67618-65b8-4609-9459-5a02799e64e0 - rm.delete (风险等级：high)
2026-03-18 09:08:22,405 | INFO | HTTP: POST /check HTTP/1.1
2026-03-18 09:08:22,406 | INFO | HTTP: GET /api/confirmation/68f67618-65b8-4609-9459-5a02799e64e0 HTTP/1.1
2026-03-18 09:08:24,484 | INFO | HTTP: GET /api/confirmation/68f67618-65b8-4609-9459-5a02799e64e0 HTTP/1.1
2026-03-18 09:08:26,488 | INFO | HTTP: GET /api/confirmation/68f67618-65b8-4609-9459-5a02799e64e0 HTTP/1.1
2026-03-18 09:08:28,540 | INFO | HTTP: GET /api/confirmation/68f67618-65b8-4609-9459-5a02799e64e0 HTTP/1.1
2026-03-18 09:08:29,694 | INFO | HTTP: GET /api/pending HTTP/1.1
2026-03-18 09:08:30,575 | INFO | HTTP: GET /api/confirmation/68f67618-65b8-4609-9459-5a02799e64e0 HTTP/1.1
2026-03-18 09:08:32,643 | INFO | HTTP: GET /api/confirmation/68f67618-65b8-4609-9459-5a02799e64e0 HTTP/1.1
2026-03-18 09:08:34,714 | INFO | HTTP: GET /api/confirmation/68f67618-65b8-4609-9459-5a02799e64e0 HTTP/1.1
2026-03-18 09:08:36,790 | INFO | HTTP: GET /api/confirmation/68f67618-65b8-4609-9459-5a02799e64e0 HTTP/1.1
2026-03-18 09:08:38,846 | INFO | HTTP: GET /api/confirmation/68f67618-65b8-4609-9459-5a02799e64e0 HTTP/1.1
2026-03-18 09:08:40,873 | INFO | HTTP: GET /api/confirmation/68f67618-65b8-4609-9459-5a02799e64e0 HTTP/1.1
2026-03-18 09:08:42,951 | INFO | HTTP: GET /api/confirmation/68f67618-65b8-4609-9459-5a02799e64e0 HTTP/1.1
2026-03-18 09:08:45,020 | INFO | HTTP: GET /api/confirmation/68f67618-65b8-4609-9459-5a02799e64e0 HTTP/1.1
2026-03-18 09:08:47,090 | INFO | HTTP: GET /api/confirmation/68f67618-65b8-4609-9459-5a02799e64e0 HTTP/1.1
2026-03-18 09:08:49,168 | INFO | HTTP: GET /api/confirmation/68f67618-65b8-4609-9459-5a02799e64e0 HTTP/1.1
2026-03-18 09:08:51,174 | INFO | HTTP: GET /api/confirmation/68f67618-65b8-4609-9459-5a02799e64e0 HTTP/1.1
2026-03-18 09:08:53,253 | INFO | HTTP: GET /api/confirmation/68f67618-65b8-4609-9459-5a02799e64e0 HTTP/1.1
2026-03-18 09:08:55,330 | INFO | HTTP: GET /api/confirmation/68f67618-65b8-4609-9459-5a02799e64e0 HTTP/1.1
2026-03-18 09:08:57,046 | INFO | HTTP: GET /api/pending HTTP/1.1
2026-03-18 09:08:57,375 | INFO | HTTP: GET /api/confirmation/68f67618-65b8-4609-9459-5a02799e64e0 HTTP/1.1
2026-03-18 09:08:59,451 | INFO | HTTP: GET /api/confirmation/68f67618-65b8-4609-9459-5a02799e64e0 HTTP/1.1
2026-03-18 09:09:00,315 | INFO | HTTP: GET /api/pending HTTP/1.1
2026-03-18 09:09:01,530 | INFO | HTTP: GET /api/confirmation/68f67618-65b8-4609-9459-5a02799e64e0 HTTP/1.1
2026-03-18 09:09:03,581 | INFO | HTTP: GET /api/confirmation/68f67618-65b8-4609-9459-5a02799e64e0 HTTP/1.1
2026-03-18 09:09:05,606 | INFO | HTTP: GET /api/confirmation/68f67618-65b8-4609-9459-5a02799e64e0 HTTP/1.1
2026-03-18 09:09:07,682 | INFO | HTTP: GET /api/confirmation/68f67618-65b8-4609-9459-5a02799e64e0 HTTP/1.1
2026-03-18 09:09:08,197 | INFO | 用户响应：68f67618-65b8-4609-9459-5a02799e64e0 - ✅ 允许
2026-03-18 09:09:08,199 | INFO | HTTP: POST /api/confirm HTTP/1.1
2026-03-18 09:09:08,203 | INFO | HTTP: GET /api/pending HTTP/1.1
2026-03-18 09:09:08,205 | INFO | HTTP: GET /api/audit HTTP/1.1
2026-03-18 09:09:09,754 | INFO | HTTP: GET /api/confirmation/68f67618-65b8-4609-9459-5a02799e64e0 HTTP/1.1
2026-03-18 09:09:10,692 | INFO | HTTP: GET /api/pending HTTP/1.1
2026-03-18 09:09:20,692 | INFO | HTTP: GET /api/pending HTTP/1.1
2026-03-18 09:09:30,694 | INFO | HTTP: GET /api/pending HTTP/1.1
2026-03-18 09:09:40,694 | INFO | HTTP: GET /api/pending HTTP/1.1
2026-03-18 09:09:50,694 | INFO | HTTP: GET /api/pending HTTP/1.1
2026-03-18 09:10:00,693 | INFO | HTTP: GET /api/pending HTTP/1.1
2026-03-18 09:10:29,695 | INFO | HTTP: GET /api/pending HTTP/1.1
2026-03-18 09:11:29,694 | INFO | HTTP: GET /api/pending HTTP/1.1
2026-03-18 09:12:29,696 | INFO | HTTP: GET /api/pending HTTP/1.1
2026-03-18 09:13:29,698 | INFO | HTTP: GET /api/pending HTTP/1.1
2026-03-18 09:14:29,697 | INFO | HTTP: GET /api/pending HTTP/1.1
2026-03-18 09:14:33,958 | INFO | HTTP: GET /api/pending HTTP/1.1
2026-03-18 09:14:40,318 | INFO | HTTP: GET /api/pending HTTP/1.1
2026-03-18 09:14:50,317 | INFO | HTTP: GET /api/pending HTTP/1.1
2026-03-18 09:14:53,305 | INFO | 等待用户确认：fa3e512a-b0a2-4560-86eb-b495b64c141e - rm.delete (风险等级：high)
2026-03-18 09:14:53,305 | INFO | HTTP: POST /check HTTP/1.1
2026-03-18 09:14:53,306 | INFO | HTTP: GET /api/confirmation/fa3e512a-b0a2-4560-86eb-b495b64c141e HTTP/1.1
2026-03-18 09:14:55,384 | INFO | HTTP: GET /api/confirmation/fa3e512a-b0a2-4560-86eb-b495b64c141e HTTP/1.1
2026-03-18 09:14:57,440 | INFO | HTTP: GET /api/confirmation/fa3e512a-b0a2-4560-86eb-b495b64c141e HTTP/1.1
2026-03-18 09:14:59,507 | INFO | HTTP: GET /api/confirmation/fa3e512a-b0a2-4560-86eb-b495b64c141e HTTP/1.1
2026-03-18 09:15:00,318 | INFO | HTTP: GET /api/pending HTTP/1.1
2026-03-18 09:15:01,582 | INFO | HTTP: GET /api/confirmation/fa3e512a-b0a2-4560-86eb-b495b64c141e HTTP/1.1
2026-03-18 09:15:03,657 | INFO | HTTP: GET /api/confirmation/fa3e512a-b0a2-4560-86eb-b495b64c141e HTTP/1.1
2026-03-18 09:15:05,699 | INFO | HTTP: GET /api/confirmation/fa3e512a-b0a2-4560-86eb-b495b64c141e HTTP/1.1
2026-03-18 09:15:06,020 | INFO | 用户响应：fa3e512a-b0a2-4560-86eb-b495b64c141e - ✅ 允许
2026-03-18 09:15:06,022 | INFO | HTTP: POST /api/confirm HTTP/1.1
2026-03-18 09:15:06,027 | INFO | HTTP: GET /api/pending HTTP/1.1
2026-03-18 09:15:06,028 | INFO | HTTP: GET /api/audit HTTP/1.1
2026-03-18 09:15:07,777 | INFO | HTTP: GET /api/confirmation/fa3e512a-b0a2-4560-86eb-b495b64c141e HTTP/1.1
2026-03-18 09:15:10,696 | INFO | HTTP: GET /api/pending HTTP/1.1
2026-03-18 09:15:20,699 | INFO | HTTP: GET /api/pending HTTP/1.1
2026-03-18 09:15:30,693 | INFO | HTTP: GET /api/pending HTTP/1.1
2026-03-18 09:15:40,697 | INFO | HTTP: GET /api/pending HTTP/1.1
2026-03-18 09:15:50,697 | INFO | HTTP: GET /api/pending HTTP/1.1
2026-03-18 09:16:00,697 | INFO | HTTP: GET /api/pending HTTP/1.1
2026-03-18 09:16:29,697 | INFO | HTTP: GET /api/pending HTTP/1.1
2026-03-18 09:17:29,699 | INFO | HTTP: GET /api/pending HTTP/1.1
2026-03-18 21:42:24,356 | INFO | ToolGuard v3.0.0 初始化完成
2026-03-18 21:42:43,575 | INFO | ToolGuard v3.0.0 初始化完成
2026-03-18 21:43:37,809 | INFO | ToolGuard v3.0.0 初始化完成
2026-03-18 21:44:11,454 | INFO | ToolGuard v3.0.0 初始化完成
2026-03-18 21:44:11,460 | INFO | ToolGuard Server 启动在 http://127.0.0.1:8767
2026-03-18 21:44:11,460 | INFO | 健康检查：http://127.0.0.1:8767/health
2026-03-18 21:44:11,460 | INFO | 工具检查：POST http://127.0.0.1:8767/check
2026-03-18 21:44:11,460 | INFO | Web 界面：http://127.0.0.1:8767
2026-03-18 21:44:21,160 | INFO | HTTP: GET /api/pending HTTP/1.1
2026-03-18 21:44:21,163 | INFO | HTTP: GET /api/task/status HTTP/1.1
2026-03-18 21:44:28,616 | INFO | 开始任务监控：发送天气预报邮件到 zhenxingniu06@gmail.com
2026-03-18 21:44:28,617 | INFO | 备选工具集：himalaya, gog, web_fetch, mail-send, exec, web_search, message
2026-03-18 21:44:28,617 | INFO | HTTP: POST /api/task/start HTTP/1.1
2026-03-18 21:44:31,160 | INFO | HTTP: GET /api/pending HTTP/1.1
2026-03-18 21:44:31,162 | INFO | HTTP: GET /api/task/status HTTP/1.1
2026-03-18 21:44:32,287 | INFO | HTTP: GET /api/task/status HTTP/1.1
2026-03-18 21:44:41,160 | INFO | HTTP: GET /api/pending HTTP/1.1
2026-03-18 21:44:41,162 | INFO | HTTP: GET /api/task/status HTTP/1.1
2026-03-18 21:44:44,457 | INFO | 停止任务监控
2026-03-18 21:44:44,458 | INFO | HTTP: POST /api/task/stop HTTP/1.1
2026-03-18 21:44:44,506 | INFO | HTTP: GET /api/task/status HTTP/1.1
2026-03-18 21:44:51,161 | INFO | HTTP: GET /api/pending HTTP/1.1
2026-03-18 21:44:51,163 | INFO | HTTP: GET /api/task/status HTTP/1.1
2026-03-18 21:45:01,160 | INFO | HTTP: GET /api/pending HTTP/1.1
2026-03-18 21:45:01,162 | INFO | HTTP: GET /api/task/status HTTP/1.1
2026-03-18 21:45:11,359 | INFO | HTTP: GET /api/pending HTTP/1.1
2026-03-18 21:45:11,362 | INFO | HTTP: GET /api/task/status HTTP/1.1
2026-03-18 21:45:21,360 | INFO | HTTP: GET /api/pending HTTP/1.1
2026-03-18 21:45:21,362 | INFO | HTTP: GET /api/task/status HTTP/1.1
2026-03-18 21:45:31,359 | INFO | HTTP: GET /api/pending HTTP/1.1
2026-03-18 21:45:31,360 | INFO | HTTP: GET /api/task/status HTTP/1.1
2026-03-18 21:45:41,360 | INFO | HTTP: GET /api/pending HTTP/1.1
2026-03-18 21:45:41,362 | INFO | HTTP: GET /api/task/status HTTP/1.1
2026-03-18 21:45:51,360 | INFO | HTTP: GET /api/pending HTTP/1.1
2026-03-18 21:45:51,363 | INFO | HTTP: GET /api/task/status HTTP/1.1
2026-03-18 21:46:01,359 | INFO | HTTP: GET /api/pending HTTP/1.1
2026-03-18 21:46:01,361 | INFO | HTTP: GET /api/task/status HTTP/1.1
2026-03-18 21:46:23,360 | INFO | HTTP: GET /api/pending HTTP/1.1
2026-03-18 21:46:23,362 | INFO | HTTP: GET /api/task/status HTTP/1.1
2026-03-18 21:47:23,360 | INFO | HTTP: GET /api/pending HTTP/1.1
2026-03-18 21:47:23,363 | INFO | HTTP: GET /api/task/status HTTP/1.1
2026-03-18 21:48:23,360 | INFO | HTTP: GET /api/pending HTTP/1.1
2026-03-18 21:48:23,362 | INFO | HTTP: GET /api/task/status HTTP/1.1
2026-03-18 21:49:23,361 | INFO | HTTP: GET /api/pending HTTP/1.1
2026-03-18 21:49:23,362 | INFO | HTTP: GET /api/task/status HTTP/1.1
2026-03-18 21:49:31,163 | INFO | HTTP: GET /api/pending HTTP/1.1
2026-03-18 21:49:31,165 | INFO | HTTP: GET /api/task/status HTTP/1.1
2026-03-18 21:49:34,991 | INFO | 用户响应：5aba29b5-40c1-40c2-8484-405f0ea42642 - ❌ 拒绝
2026-03-18 21:49:34,992 | INFO | HTTP: POST /api/confirm HTTP/1.1
2026-03-18 21:49:34,996 | INFO | HTTP: GET /api/pending HTTP/1.1
2026-03-18 21:49:34,997 | INFO | HTTP: GET /api/audit HTTP/1.1
2026-03-18 21:49:41,360 | INFO | HTTP: GET /api/pending HTTP/1.1
2026-03-18 21:49:41,362 | INFO | HTTP: GET /api/task/status HTTP/1.1
2026-03-18 21:49:43,685 | INFO | HTTP: GET /api/task/status HTTP/1.1
2026-03-18 21:49:51,163 | INFO | HTTP: GET /api/pending HTTP/1.1
2026-03-18 21:49:51,165 | INFO | HTTP: GET /api/task/status HTTP/1.1
2026-03-18 21:50:01,361 | INFO | HTTP: GET /api/pending HTTP/1.1
2026-03-18 21:50:01,363 | INFO | HTTP: GET /api/task/status HTTP/1.1
2026-03-18 21:50:11,162 | INFO | HTTP: GET /api/pending HTTP/1.1
2026-03-18 21:50:11,164 | INFO | HTTP: GET /api/task/status HTTP/1.1
2026-03-18 21:50:21,360 | INFO | HTTP: GET /api/pending HTTP/1.1
2026-03-18 21:50:21,361 | INFO | HTTP: GET /api/task/status HTTP/1.1
2026-03-18 21:50:31,361 | INFO | HTTP: GET /api/pending HTTP/1.1
2026-03-18 21:50:31,365 | INFO | HTTP: GET /api/task/status HTTP/1.1
2026-03-18 21:50:41,163 | INFO | HTTP: GET /api/pending HTTP/1.1
2026-03-18 21:50:41,164 | INFO | HTTP: GET /api/task/status HTTP/1.1
2026-03-18 21:50:41,231 | INFO | 开始任务监控：发送天气预报邮件到 zhenxingniu06@gmail.com
2026-03-18 21:50:41,231 | INFO | 备选工具集：himalaya, gog, web_fetch, mail-send, exec, web_search, message
2026-03-18 21:50:41,232 | INFO | HTTP: POST /api/task/start HTTP/1.1
2026-03-18 21:50:41,236 | INFO | HTTP: GET /api/task/status HTTP/1.1
2026-03-18 21:50:51,167 | INFO | HTTP: GET /api/pending HTTP/1.1
2026-03-18 21:50:51,169 | INFO | HTTP: GET /api/task/status HTTP/1.1
2026-03-18 21:51:01,163 | INFO | HTTP: GET /api/pending HTTP/1.1
2026-03-18 21:51:01,164 | INFO | HTTP: GET /api/task/status HTTP/1.1
2026-03-18 21:51:11,362 | INFO | HTTP: GET /api/pending HTTP/1.1
2026-03-18 21:51:11,363 | INFO | HTTP: GET /api/task/status HTTP/1.1
2026-03-18 21:51:21,362 | INFO | HTTP: GET /api/pending HTTP/1.1
2026-03-18 21:51:21,364 | INFO | HTTP: GET /api/task/status HTTP/1.1
2026-03-18 21:51:31,362 | INFO | HTTP: GET /api/pending HTTP/1.1
2026-03-18 21:51:31,366 | INFO | HTTP: GET /api/task/status HTTP/1.1
2026-03-18 21:51:41,361 | INFO | HTTP: GET /api/pending HTTP/1.1
2026-03-18 21:51:41,362 | INFO | HTTP: GET /api/task/status HTTP/1.1
2026-03-18 21:51:51,361 | INFO | HTTP: GET /api/pending HTTP/1.1
2026-03-18 21:51:51,362 | INFO | HTTP: GET /api/task/status HTTP/1.1
2026-03-18 21:52:01,164 | INFO | HTTP: GET /api/pending HTTP/1.1
2026-03-18 21:52:01,165 | INFO | HTTP: GET /api/task/status HTTP/1.1
2026-03-18 21:52:04,548 | INFO | HTTP: GET /api/task/status HTTP/1.1
2026-03-18 21:52:08,025 | INFO | 停止任务监控
2026-03-18 21:52:08,026 | INFO | HTTP: POST /api/task/stop HTTP/1.1
2026-03-18 21:52:08,029 | INFO | HTTP: GET /api/task/status HTTP/1.1
2026-03-18 21:52:11,163 | INFO | HTTP: GET /api/pending HTTP/1.1
2026-03-18 21:52:11,165 | INFO | HTTP: GET /api/task/status HTTP/1.1
2026-03-18 21:52:21,363 | INFO | HTTP: GET /api/pending HTTP/1.1
2026-03-18 21:52:21,365 | INFO | HTTP: GET /api/task/status HTTP/1.1
2026-03-18 21:52:27,352 | INFO | HTTP: GET /api/task/status HTTP/1.1
2026-03-18 21:52:31,363 | INFO | HTTP: GET /api/pending HTTP/1.1
2026-03-18 21:52:31,365 | INFO | HTTP: GET /api/task/status HTTP/1.1
2026-03-18 21:52:37,906 | INFO | 开始任务监控：查阅一下我最新的一封未读邮件，查看邮件内容
2026-03-18 21:52:37,906 | INFO | 备选工具集：mail-send, himalaya, message, gog
2026-03-18 21:52:37,907 | INFO | HTTP: POST /api/task/start HTTP/1.1
2026-03-18 21:52:37,910 | INFO | HTTP: GET /api/task/status HTTP/1.1
2026-03-18 21:52:41,163 | INFO | HTTP: GET /api/pending HTTP/1.1
2026-03-18 21:52:41,164 | INFO | HTTP: GET /api/task/status HTTP/1.1
2026-03-18 21:52:51,362 | INFO | HTTP: GET /api/pending HTTP/1.1
2026-03-18 21:52:51,364 | INFO | HTTP: GET /api/task/status HTTP/1.1
2026-03-18 21:53:01,363 | INFO | HTTP: GET /api/pending HTTP/1.1
2026-03-18 21:53:01,366 | INFO | HTTP: GET /api/task/status HTTP/1.1
2026-03-18 21:53:11,363 | INFO | HTTP: GET /api/pending HTTP/1.1
2026-03-18 21:53:11,365 | INFO | HTTP: GET /api/task/status HTTP/1.1
2026-03-18 21:53:21,363 | INFO | HTTP: GET /api/pending HTTP/1.1
2026-03-18 21:53:21,365 | INFO | HTTP: GET /api/task/status HTTP/1.1
2026-03-18 21:53:31,364 | INFO | HTTP: GET /api/pending HTTP/1.1
2026-03-18 21:53:31,366 | INFO | HTTP: GET /api/task/status HTTP/1.1
2026-03-18 21:53:41,363 | INFO | HTTP: GET /api/pending HTTP/1.1
2026-03-18 21:53:41,366 | INFO | HTTP: GET /api/task/status HTTP/1.1
2026-03-18 21:54:11,164 | INFO | HTTP: GET /api/pending HTTP/1.1
2026-03-18 21:54:11,165 | INFO | HTTP: GET /api/task/status HTTP/1.1
2026-03-18 21:54:14,318 | INFO | ⚠️ 工具 rm 不在当前任务的备选工具集中
2026-03-18 21:54:14,318 | INFO | 等待用户确认：4d82fdaa-6615-47f7-9889-a7d95d31c774 - rm.delete (风险等级：high)
2026-03-18 21:54:14,319 | INFO | HTTP: POST /check HTTP/1.1
2026-03-18 21:54:14,319 | INFO | HTTP: GET /api/confirmation/4d82fdaa-6615-47f7-9889-a7d95d31c774 HTTP/1.1
2026-03-18 21:54:15,627 | INFO | HTTP: GET /api/task/status HTTP/1.1
2026-03-18 21:54:16,398 | INFO | HTTP: GET /api/confirmation/4d82fdaa-6615-47f7-9889-a7d95d31c774 HTTP/1.1
2026-03-18 21:54:18,471 | INFO | HTTP: GET /api/confirmation/4d82fdaa-6615-47f7-9889-a7d95d31c774 HTTP/1.1
2026-03-18 21:54:20,493 | INFO | HTTP: GET /api/confirmation/4d82fdaa-6615-47f7-9889-a7d95d31c774 HTTP/1.1
2026-03-18 21:54:21,165 | INFO | HTTP: GET /api/pending HTTP/1.1
2026-03-18 21:54:21,167 | INFO | HTTP: GET /api/task/status HTTP/1.1
2026-03-18 21:54:22,516 | INFO | HTTP: GET /api/confirmation/4d82fdaa-6615-47f7-9889-a7d95d31c774 HTTP/1.1
2026-03-18 21:54:24,535 | INFO | HTTP: GET /api/confirmation/4d82fdaa-6615-47f7-9889-a7d95d31c774 HTTP/1.1
2026-03-18 21:54:26,572 | INFO | HTTP: GET /api/confirmation/4d82fdaa-6615-47f7-9889-a7d95d31c774 HTTP/1.1
2026-03-18 21:54:28,586 | INFO | HTTP: GET /api/confirmation/4d82fdaa-6615-47f7-9889-a7d95d31c774 HTTP/1.1
2026-03-18 21:54:30,664 | INFO | HTTP: GET /api/confirmation/4d82fdaa-6615-47f7-9889-a7d95d31c774 HTTP/1.1
2026-03-18 21:54:31,363 | INFO | HTTP: GET /api/pending HTTP/1.1
2026-03-18 21:54:31,364 | INFO | HTTP: GET /api/task/status HTTP/1.1
2026-03-18 21:54:32,724 | INFO | HTTP: GET /api/confirmation/4d82fdaa-6615-47f7-9889-a7d95d31c774 HTTP/1.1
2026-03-18 21:54:34,759 | INFO | HTTP: GET /api/confirmation/4d82fdaa-6615-47f7-9889-a7d95d31c774 HTTP/1.1
2026-03-18 21:54:36,832 | INFO | HTTP: GET /api/confirmation/4d82fdaa-6615-47f7-9889-a7d95d31c774 HTTP/1.1
2026-03-18 21:54:38,889 | INFO | HTTP: GET /api/confirmation/4d82fdaa-6615-47f7-9889-a7d95d31c774 HTTP/1.1
2026-03-18 21:54:40,964 | INFO | HTTP: GET /api/confirmation/4d82fdaa-6615-47f7-9889-a7d95d31c774 HTTP/1.1
2026-03-18 21:54:41,166 | INFO | HTTP: GET /api/pending HTTP/1.1
2026-03-18 21:54:41,168 | INFO | HTTP: GET /api/task/status HTTP/1.1
2026-03-18 21:54:42,969 | INFO | HTTP: GET /api/confirmation/4d82fdaa-6615-47f7-9889-a7d95d31c774 HTTP/1.1
2026-03-18 21:54:45,041 | INFO | HTTP: GET /api/confirmation/4d82fdaa-6615-47f7-9889-a7d95d31c774 HTTP/1.1
2026-03-18 21:54:47,119 | INFO | HTTP: GET /api/confirmation/4d82fdaa-6615-47f7-9889-a7d95d31c774 HTTP/1.1
2026-03-18 21:54:49,187 | INFO | HTTP: GET /api/confirmation/4d82fdaa-6615-47f7-9889-a7d95d31c774 HTTP/1.1
2026-03-18 21:54:51,200 | INFO | HTTP: GET /api/confirmation/4d82fdaa-6615-47f7-9889-a7d95d31c774 HTTP/1.1
2026-03-18 21:54:51,361 | INFO | HTTP: GET /api/pending HTTP/1.1
2026-03-18 21:54:51,363 | INFO | HTTP: GET /api/task/status HTTP/1.1
2026-03-18 21:54:53,256 | INFO | HTTP: GET /api/confirmation/4d82fdaa-6615-47f7-9889-a7d95d31c774 HTTP/1.1
2026-03-18 21:54:55,263 | INFO | HTTP: GET /api/confirmation/4d82fdaa-6615-47f7-9889-a7d95d31c774 HTTP/1.1
2026-03-18 21:54:56,046 | INFO | 用户响应：4d82fdaa-6615-47f7-9889-a7d95d31c774 - ✅ 允许
2026-03-18 21:54:56,048 | INFO | HTTP: POST /api/confirm HTTP/1.1
2026-03-18 21:54:56,052 | INFO | HTTP: GET /api/pending HTTP/1.1
2026-03-18 21:54:56,054 | INFO | HTTP: GET /api/audit HTTP/1.1
2026-03-18 21:54:57,294 | INFO | HTTP: GET /api/confirmation/4d82fdaa-6615-47f7-9889-a7d95d31c774 HTTP/1.1
2026-03-18 21:55:01,374 | INFO | HTTP: GET /api/pending HTTP/1.1
2026-03-18 21:55:01,376 | INFO | HTTP: GET /api/task/status HTTP/1.1
2026-03-18 21:55:11,363 | INFO | HTTP: GET /api/pending HTTP/1.1
2026-03-18 21:55:11,366 | INFO | HTTP: GET /api/task/status HTTP/1.1
2026-03-18 21:55:21,364 | INFO | HTTP: GET /api/pending HTTP/1.1
2026-03-18 21:55:21,366 | INFO | HTTP: GET /api/task/status HTTP/1.1
2026-03-18 21:55:31,364 | INFO | HTTP: GET /api/pending HTTP/1.1
2026-03-18 21:55:31,366 | INFO | HTTP: GET /api/task/status HTTP/1.1
2026-03-18 21:55:41,364 | INFO | HTTP: GET /api/pending HTTP/1.1
2026-03-18 21:55:41,366 | INFO | HTTP: GET /api/task/status HTTP/1.1
2026-03-18 21:55:51,364 | INFO | HTTP: GET /api/pending HTTP/1.1
2026-03-18 21:55:51,366 | INFO | HTTP: GET /api/task/status HTTP/1.1
2026-03-18 21:56:23,364 | INFO | HTTP: GET /api/pending HTTP/1.1
2026-03-18 21:56:23,367 | INFO | HTTP: GET /api/task/status HTTP/1.1
2026-03-18 21:57:23,366 | INFO | HTTP: GET /api/pending HTTP/1.1
2026-03-18 21:57:23,368 | INFO | HTTP: GET /api/task/status HTTP/1.1
2026-03-18 21:58:11,130 | INFO | HTTP: GET /api/pending HTTP/1.1
2026-03-18 21:58:11,132 | INFO | HTTP: GET /api/task/status HTTP/1.1
2026-03-18 21:58:12,777 | INFO | HTTP: GET /api/task/status HTTP/1.1
2026-03-18 21:58:21,166 | INFO | HTTP: GET /api/pending HTTP/1.1
2026-03-18 21:58:21,168 | INFO | HTTP: GET /api/task/status HTTP/1.1
2026-03-18 21:58:31,364 | INFO | HTTP: GET /api/pending HTTP/1.1
2026-03-18 21:58:31,366 | INFO | HTTP: GET /api/task/status HTTP/1.1
2026-03-18 21:58:41,365 | INFO | HTTP: GET /api/pending HTTP/1.1
2026-03-18 21:58:41,367 | INFO | HTTP: GET /api/task/status HTTP/1.1
2026-03-18 21:58:51,355 | INFO | HTTP: GET /api/pending HTTP/1.1
2026-03-18 21:58:51,360 | INFO | HTTP: GET /api/task/status HTTP/1.1
2026-03-18 21:59:01,153 | INFO | HTTP: GET /api/pending HTTP/1.1
2026-03-18 21:59:01,155 | INFO | HTTP: GET /api/task/status HTTP/1.1
2026-03-18 21:59:11,331 | INFO | HTTP: GET /api/pending HTTP/1.1
2026-03-18 21:59:11,334 | INFO | HTTP: GET /api/task/status HTTP/1.1
2026-03-18 21:59:21,327 | INFO | HTTP: GET /api/pending HTTP/1.1
2026-03-18 21:59:21,330 | INFO | HTTP: GET /api/task/status HTTP/1.1
2026-03-18 21:59:31,126 | INFO | HTTP: GET /api/pending HTTP/1.1
2026-03-18 21:59:31,129 | INFO | HTTP: GET /api/task/status HTTP/1.1
2026-03-18 21:59:41,323 | INFO | HTTP: GET /api/pending HTTP/1.1
2026-03-18 21:59:41,326 | INFO | HTTP: GET /api/task/status HTTP/1.1
2026-03-18 21:59:51,324 | INFO | HTTP: GET /api/pending HTTP/1.1
2026-03-18 21:59:51,326 | INFO | HTTP: GET /api/task/status HTTP/1.1
2026-03-18 22:00:01,322 | INFO | HTTP: GET /api/pending HTTP/1.1
2026-03-18 22:00:01,325 | INFO | HTTP: GET /api/task/status HTTP/1.1
2026-03-18 22:00:11,321 | INFO | HTTP: GET /api/pending HTTP/1.1
2026-03-18 22:00:11,323 | INFO | HTTP: GET /api/task/status HTTP/1.1
2026-03-18 22:00:21,322 | INFO | HTTP: GET /api/pending HTTP/1.1
2026-03-18 22:00:21,324 | INFO | HTTP: GET /api/task/status HTTP/1.1
2026-03-18 22:00:31,322 | INFO | HTTP: GET /api/pending HTTP/1.1
2026-03-18 22:00:31,324 | INFO | HTTP: GET /api/task/status HTTP/1.1
2026-03-18 22:01:23,324 | INFO | HTTP: GET /api/pending HTTP/1.1
2026-03-18 22:01:23,326 | INFO | HTTP: GET /api/task/status HTTP/1.1
2026-03-18 22:02:23,323 | INFO | HTTP: GET /api/pending HTTP/1.1
2026-03-18 22:02:23,326 | INFO | HTTP: GET /api/task/status HTTP/1.1
2026-03-18 22:02:24,418 | INFO | 开始任务监控：发送天气预报邮件到 zhenxingniu06@gmail.com
2026-03-18 22:02:24,418 | INFO | 备选工具集：himalaya, gog, web_fetch, mail-send, exec, web_search, message
2026-03-18 22:02:24,418 | INFO | HTTP: POST /api/task/start HTTP/1.1
2026-03-18 22:02:54,198 | INFO | HTTP: GET /api/task/status HTTP/1.1
2026-03-18 22:03:23,324 | INFO | HTTP: GET /api/pending HTTP/1.1
2026-03-18 22:03:23,326 | INFO | HTTP: GET /api/task/status HTTP/1.1
2026-03-18 22:04:23,323 | INFO | HTTP: GET /api/pending HTTP/1.1
2026-03-18 22:04:23,325 | INFO | HTTP: GET /api/task/status HTTP/1.1
2026-03-18 22:05:23,325 | INFO | HTTP: GET /api/pending HTTP/1.1
2026-03-18 22:05:23,326 | INFO | HTTP: GET /api/task/status HTTP/1.1
2026-03-18 22:06:20,968 | INFO | HTTP: GET /api/pending HTTP/1.1
2026-03-18 22:06:20,970 | INFO | HTTP: GET /api/task/status HTTP/1.1
2026-03-18 22:06:24,650 | INFO | HTTP: GET / HTTP/1.1
2026-03-18 22:06:24,662 | INFO | HTTP: GET /app.js HTTP/1.1
2026-03-18 22:06:24,668 | INFO | HTTP: GET /health HTTP/1.1
2026-03-18 22:06:24,669 | INFO | HTTP: GET /api/pending HTTP/1.1
2026-03-18 22:06:24,669 | INFO | HTTP: GET /api/risk-tools HTTP/1.1
2026-03-18 22:06:24,671 | INFO | HTTP: GET /api/audit HTTP/1.1
2026-03-18 22:06:24,671 | INFO | HTTP: GET /api/task/status HTTP/1.1
2026-03-18 22:06:26,443 | INFO | HTTP: GET /api/task/status HTTP/1.1
2026-03-18 22:06:27,952 | INFO | HTTP: GET /api/risk-tools HTTP/1.1
2026-03-18 22:06:29,053 | INFO | HTTP: GET /api/task/status HTTP/1.1
2026-03-18 22:06:35,322 | INFO | HTTP: GET /api/pending HTTP/1.1
2026-03-18 22:06:35,324 | INFO | HTTP: GET /api/task/status HTTP/1.1
2026-03-18 22:06:45,322 | INFO | HTTP: GET /api/pending HTTP/1.1
2026-03-18 22:06:45,324 | INFO | HTTP: GET /api/task/status HTTP/1.1
2026-03-18 22:06:55,323 | INFO | HTTP: GET /api/pending HTTP/1.1
2026-03-18 22:06:55,326 | INFO | HTTP: GET /api/task/status HTTP/1.1
2026-03-18 22:07:04,670 | INFO | HTTP: GET /api/pending HTTP/1.1
2026-03-18 22:07:04,672 | INFO | HTTP: GET /api/task/status HTTP/1.1
2026-03-18 22:07:05,552 | INFO | HTTP: GET /api/task/status HTTP/1.1
2026-03-18 22:07:15,322 | INFO | HTTP: GET /api/pending HTTP/1.1
2026-03-18 22:07:15,324 | INFO | HTTP: GET /api/task/status HTTP/1.1
2026-03-18 22:07:25,322 | INFO | HTTP: GET /api/pending HTTP/1.1
2026-03-18 22:07:25,323 | INFO | HTTP: GET /api/task/status HTTP/1.1
2026-03-18 22:07:35,323 | INFO | HTTP: GET /api/pending HTTP/1.1
2026-03-18 22:07:35,325 | INFO | HTTP: GET /api/task/status HTTP/1.1
2026-03-18 22:07:41,550 | INFO | HTTP: GET /api/task/status HTTP/1.1
2026-03-18 22:07:44,671 | INFO | HTTP: GET /api/pending HTTP/1.1
2026-03-18 22:07:44,673 | INFO | HTTP: GET /api/task/status HTTP/1.1
2026-03-18 22:07:47,765 | INFO | HTTP: GET /api/task/status HTTP/1.1
2026-03-18 22:07:54,671 | INFO | HTTP: GET /api/pending HTTP/1.1
2026-03-18 22:07:54,673 | INFO | HTTP: GET /api/task/status HTTP/1.1
2026-03-18 22:08:04,077 | INFO | HTTP: GET /api/task/status HTTP/1.1
2026-03-18 22:08:04,671 | INFO | HTTP: GET /api/pending HTTP/1.1
2026-03-18 22:08:04,673 | INFO | HTTP: GET /api/task/status HTTP/1.1
2026-03-18 22:08:08,291 | INFO | 停止任务监控
2026-03-18 22:08:08,291 | INFO | HTTP: POST /api/task/stop HTTP/1.1
2026-03-18 22:08:08,314 | INFO | HTTP: GET / HTTP/1.1
2026-03-18 22:08:08,322 | INFO | HTTP: GET /app.js HTTP/1.1
2026-03-18 22:08:08,325 | INFO | HTTP: GET /health HTTP/1.1
2026-03-18 22:08:08,326 | INFO | HTTP: GET /api/pending HTTP/1.1
2026-03-18 22:08:08,327 | INFO | HTTP: GET /api/risk-tools HTTP/1.1
2026-03-18 22:08:08,328 | INFO | HTTP: GET /api/audit HTTP/1.1
2026-03-18 22:08:08,329 | INFO | HTTP: GET /api/task/status HTTP/1.1
2026-03-18 22:08:08,351 | INFO | 开始任务监控：查阅最新邮件，查看邮件内容
2026-03-18 22:08:08,351 | INFO | 备选工具集：mail-send, himalaya, message, gog
2026-03-18 22:08:08,351 | INFO | HTTP: POST /api/task/start HTTP/1.1
2026-03-18 22:08:10,146 | INFO | HTTP: GET /api/task/status HTTP/1.1
2026-03-18 22:08:18,334 | INFO | HTTP: GET /api/pending HTTP/1.1
2026-03-18 22:08:18,343 | INFO | HTTP: GET /api/task/status HTTP/1.1
2026-03-18 22:08:27,028 | INFO | HTTP: GET / HTTP/1.1
2026-03-18 22:08:27,041 | INFO | HTTP: GET /app.js HTTP/1.1
2026-03-18 22:08:27,046 | INFO | HTTP: GET /health HTTP/1.1
2026-03-18 22:08:27,047 | INFO | HTTP: GET /api/pending HTTP/1.1
2026-03-18 22:08:27,048 | INFO | HTTP: GET /api/risk-tools HTTP/1.1
2026-03-18 22:08:27,050 | INFO | HTTP: GET /api/audit HTTP/1.1
2026-03-18 22:08:27,051 | INFO | HTTP: GET /api/task/status HTTP/1.1
2026-03-18 22:08:27,781 | INFO | HTTP: GET / HTTP/1.1
2026-03-18 22:08:27,794 | INFO | HTTP: GET /app.js HTTP/1.1
2026-03-18 22:08:27,798 | INFO | HTTP: GET /health HTTP/1.1
2026-03-18 22:08:27,799 | INFO | HTTP: GET /api/pending HTTP/1.1
2026-03-18 22:08:27,801 | INFO | HTTP: GET /api/risk-tools HTTP/1.1
2026-03-18 22:08:27,802 | INFO | HTTP: GET /api/audit HTTP/1.1
2026-03-18 22:08:27,803 | INFO | HTTP: GET /api/task/status HTTP/1.1
2026-03-18 22:08:29,170 | INFO | HTTP: GET /api/task/status HTTP/1.1
2026-03-18 22:08:31,168 | INFO | HTTP: GET / HTTP/1.1
2026-03-18 22:08:31,181 | INFO | HTTP: GET /app.js HTTP/1.1
2026-03-18 22:08:31,185 | INFO | HTTP: GET /health HTTP/1.1
2026-03-18 22:08:31,186 | INFO | HTTP: GET /api/pending HTTP/1.1
2026-03-18 22:08:31,187 | INFO | HTTP: GET /api/risk-tools HTTP/1.1
2026-03-18 22:08:31,188 | INFO | HTTP: GET /api/audit HTTP/1.1
2026-03-18 22:08:31,189 | INFO | HTTP: GET /api/task/status HTTP/1.1
2026-03-18 22:08:33,804 | INFO | HTTP: GET /api/task/status HTTP/1.1
2026-03-18 22:08:36,875 | INFO | 停止任务监控
2026-03-18 22:08:36,875 | INFO | HTTP: POST /api/task/stop HTTP/1.1
2026-03-18 22:08:36,879 | INFO | HTTP: GET /api/task/status HTTP/1.1
2026-03-18 22:08:39,358 | INFO | HTTP: GET / HTTP/1.1
2026-03-18 22:08:39,367 | INFO | HTTP: GET /app.js HTTP/1.1
2026-03-18 22:08:39,370 | INFO | HTTP: GET /health HTTP/1.1
2026-03-18 22:08:39,371 | INFO | HTTP: GET /api/pending HTTP/1.1
2026-03-18 22:08:39,373 | INFO | HTTP: GET /api/risk-tools HTTP/1.1
2026-03-18 22:08:39,374 | INFO | HTTP: GET /api/audit HTTP/1.1
2026-03-18 22:08:39,375 | INFO | HTTP: GET /api/task/status HTTP/1.1
2026-03-18 22:08:40,010 | INFO | HTTP: GET / HTTP/1.1
2026-03-18 22:08:40,020 | INFO | HTTP: GET /app.js HTTP/1.1
2026-03-18 22:08:40,023 | INFO | HTTP: GET /health HTTP/1.1
2026-03-18 22:08:40,024 | INFO | HTTP: GET /api/pending HTTP/1.1
2026-03-18 22:08:40,025 | INFO | HTTP: GET /api/risk-tools HTTP/1.1
2026-03-18 22:08:40,026 | INFO | HTTP: GET /api/audit HTTP/1.1
2026-03-18 22:08:40,028 | INFO | HTTP: GET /api/task/status HTTP/1.1
2026-03-18 22:08:40,785 | INFO | HTTP: GET /api/task/status HTTP/1.1
2026-03-18 22:08:50,323 | INFO | HTTP: GET /api/pending HTTP/1.1
2026-03-18 22:08:50,325 | INFO | HTTP: GET /api/task/status HTTP/1.1
2026-03-18 22:09:00,323 | INFO | HTTP: GET /api/pending HTTP/1.1
2026-03-18 22:09:00,325 | INFO | HTTP: GET /api/task/status HTTP/1.1
2026-03-18 22:09:10,323 | INFO | HTTP: GET /api/pending HTTP/1.1
2026-03-18 22:09:10,325 | INFO | HTTP: GET /api/task/status HTTP/1.1
2026-03-18 22:09:20,322 | INFO | HTTP: GET /api/pending HTTP/1.1
2026-03-18 22:09:20,323 | INFO | HTTP: GET /api/task/status HTTP/1.1
2026-03-18 22:09:30,321 | INFO | HTTP: GET /api/pending HTTP/1.1
2026-03-18 22:09:30,322 | INFO | HTTP: GET /api/task/status HTTP/1.1
2026-03-18 22:09:40,323 | INFO | HTTP: GET /api/pending HTTP/1.1
2026-03-18 22:09:40,326 | INFO | HTTP: GET /api/task/status HTTP/1.1
2026-03-18 22:09:50,323 | INFO | HTTP: GET /api/pending HTTP/1.1
2026-03-18 22:09:50,325 | INFO | HTTP: GET /api/task/status HTTP/1.1
2026-03-18 22:09:55,709 | INFO | 开始任务监控：查阅一下我最新的一封邮件，查看邮件内容
2026-03-18 22:09:55,709 | INFO | 备选工具集：mail-send, himalaya, message, gog
2026-03-18 22:09:55,709 | INFO | HTTP: POST /api/task/start HTTP/1.1
